0.014312,0.006821,0.102881,2.446667,0.052000,0.039135,0.000000,-0.207701,0.059439,-0.029682,0.007720,0.000000,0.000001,0.002648,0.000000,0.000149,0.000149,0.002524,0.007208,0.001297,0.000528,0.003182
0.023240,0.010556,0.101095,2.446667,0.050276,0.033548,-0.004494,-0.212975,0.060218,-0.029111,0.007409,0.000003,0.000005,0.001298,0.000000,0.000138,0.000138,0.001211,0.004811,0.000903,0.000389,0.002112
0.030867,0.012415,0.098644,2.446667,0.047570,0.024994,-0.008415,-0.218458,0.061353,-0.030902,0.007762,0.000009,0.000012,0.000876,0.000000,0.000131,0.000131,0.000799,0.003615,0.000717,0.000335,0.001596
0.039012,0.014707,0.097317,2.446667,0.047570,0.024994,-0.008415,-0.222473,0.062539,-0.034882,0.007925,0.000020,0.000024,0.000954,0.000000,0.000193,0.000193,0.000809,0.002900,0.000620,0.000319,0.001309
0.045384,0.014962,0.095313,2.446667,0.044657,0.017060,-0.009681,-0.224405,0.063875,-0.044592,0.008196,0.000030,0.000034,0.000719,0.000000,0.000154,0.000154,0.000586,0.002425,0.000559,0.000306,0.001121
0.053579,0.016740,0.095316,2.446667,0.046888,0.018724,-0.007094,-0.226140,0.065145,-0.048975,0.008294,0.000040,0.000045,0.000591,0.000000,0.000141,0.000141,0.000460,0.002088,0.000524,0.000308,0.001007
0.061316,0.018423,0.094661,2.446667,0.046888,0.018724,-0.006454,-0.226408,0.066401,-0.048595,0.008171,0.000058,0.000064,0.000510,0.000000,0.000203,0.000203,0.000379,0.001844,0.000500,0.000468,0.000928
0.071405,0.017059,0.093656,2.446667,0.054891,0.012624,-0.006454,-0.229763,0.067605,-0.050531,0.007970,0.000069,0.000076,0.000576,0.000000,0.000159,0.000159,0.000389,0.001652,0.000483,0.000368,0.000870
0.080848,0.015855,0.093542,2.446667,0.058423,0.009911,-0.005629,-0.234972,0.068665,-0.049713,0.007732,0.000079,0.000087,0.000500,0.000000,0.000140,0.000140,0.000322,0.001498,0.000467,0.000325,0.000821
0.089871,0.015310,0.092996,2.446667,0.058423,0.009911,-0.005407,-0.241503,0.069746,-0.048342,0.007701,0.000099,0.000108,0.000449,0.000000,0.000198,0.000198,0.000276,0.001373,0.000456,0.000311,0.000793
0.100138,0.013978,0.093275,2.446667,0.061013,0.009389,-0.004266,-0.250603,0.070947,-0.046110,0.007740,0.000110,0.000121,0.000413,0.000000,0.000158,0.000158,0.000242,0.001271,0.000451,0.000307,0.000777
0.109936,0.012684,0.092639,2.446667,0.062400,0.009528,-0.004266,-0.259030,0.072131,-0.040230,0.007734,0.000120,0.000132,0.000470,0.000000,0.000139,0.000139,0.000251,0.001183,0.000442,0.000300,0.000757
0.119849,0.011307,0.092468,2.446667,0.062400,0.009528,-0.003974,-0.265404,0.073214,-0.029565,0.007493,0.000141,0.000155,0.000430,0.000000,0.000201,0.000201,0.000220,0.001110,0.000440,0.000303,0.000754
0.129467,0.008836,0.092408,2.446667,0.062637,0.006867,-0.003587,-0.272132,0.074080,-0.029791,0.006928,0.000152,0.000167,0.000399,0.000000,0.000158,0.000158,0.000197,0.001057,0.000438,0.000458,0.000750
0.138811,0.007128,0.092112,2.446667,0.062637,0.006867,-0.003475,-0.276405,0.074701,-0.024410,0.006243,0.000176,0.000192,0.000374,0.000000,0.000215,0.000215,0.000179,0.001004,0.000433,0.000360,0.000739
0.148616,0.005118,0.092420,2.446667,0.062786,0.006349,-0.002788,-0.280293,0.075103,-0.021595,0.005305,0.000187,0.000204,0.000356,0.000000,0.000164,0.000164,0.000165,0.000959,0.000433,0.000329,0.000743
0.158854,0.004059,0.091981,2.446667,0.063224,0.008623,-0.002788,-0.284682,0.075202,-0.020059,0.004167,0.000198,0.000217,0.000406,0.000000,0.000144,0.000144,0.000175,0.000919,0.000433,0.000316,0.000745
0.167611,0.005856,0.092419,2.446667,0.058395,0.016105,-0.002207,-0.289440,0.075058,-0.019053,0.002979,0.000209,0.000230,0.000381,0.000000,0.000136,0.000136,0.000161,0.000883,0.000432,0.000309,0.000745
0.177096,0.005352,0.092870,2.446667,0.058395,0.016105,-0.001697,-0.294448,0.074697,-0.018930,0.001733,0.000230,0.000252,0.000361,0.000000,0.000197,0.000197,0.000150,0.000851,0.000432,0.000307,0.000745
0.185821,0.007776,0.093339,2.446667,0.054709,0.022658,-0.001243,-0.300038,0.073970,-0.018816,0.000292,0.000241,0.000264,0.000344,0.000000,0.000157,0.000157,0.000141,0.000822,0.000432,0.000305,0.000744
0.194700,0.009446,0.093142,2.446667,0.052681,0.025206,-0.001243,-0.305803,0.072916,-0.018930,-0.001207,0.000253,0.000277,0.000392,0.000000,0.000142,0.000142,0.000151,0.000796,0.000433,0.000307,0.000748
0.203738,0.010329,0.093695,2.446667,0.052681,0.025206,-0.000825,-0.311058,0.071743,-0.018758,-0.002489,0.000275,0.000300,0.000369,0.000000,0.000203,0.000203,0.000141,0.000773,0.000432,0.000306,0.000746
0.211945,0.011264,0.093859,2.446667,0.050819,0.024634,-0.000750,-0.315605,0.070289,-0.018494,-0.003820,0.000286,0.000312,0.000350,0.000000,0.000159,0.000159,0.000133,0.000752,0.000432,0.000305,0.000745
0.220095,0.011858,0.094020,2.446667,0.049456,0.023245,-0.000651,-0.319779,0.068822,-0.018278,-0.004920,0.000297,0.000325,0.000335,0.000000,0.000143,0.000143,0.000128,0.000734,0.000433,0.000306,0.000748
0.228458,0.012676,0.093947,2.446667,0.049456,0.023245,-0.000728,-0.323676,0.067215,-0.018457,-0.005907,0.000319,0.000348,0.000322,0.000000,0.000202,0.000202,0.000123,0.000727,0.000431,0.000458,0.000743
0.236389,0.013183,0.093834,2.446667,0.048482,0.022255,-0.000728,-0.327558,0.065476,-0.018224,-0.006779,0.000330,0.000360,0.000364,0.000000,0.000159,0.000159,0.000133,0.000714,0.000431,0.000364,0.000743
0.246399,0.010038,0.093961,2.446667,0.055059,0.014930,-0.000615,-0.331302,0.063739,-0.017686,-0.007506,0.000341,0.000372,0.000346,0.000000,0.000142,0.000142,0.000127,0.000702,0.000431,0.000330,0.000744
0.255498,0.009222,0.094107,2.446667,0.055059,0.014930,-0.000491,-0.334988,0.061903,-0.016822,-0.008114,0.000364,0.000396,0.000332,0.000000,0.000206,0.000206,0.000123,0.000691,0.000433,0.000318,0.000748
0.263862,0.009795,0.094247,2.446667,0.052625,0.017561,-0.000381,-0.338503,0.060155,-0.016210,-0.008644,0.000376,0.000409,0.000320,0.000000,0.000161,0.000161,0.000119,0.000680,0.000434,0.000312,0.000749
0.269787,0.005883,0.094188,2.446667,0.049191,0.007522,-0.000381,-0.341970,0.058457,-0.015682,-0.008893,0.000387,0.000421,0.000360,0.000000,0.000143,0.000143,0.000129,0.000669,0.000433,0.000307,0.000747
0.277105,0.004275,0.094548,2.446667,0.049191,0.007522,-0.000128,-0.345270,0.056947,-0.015410,-0.008949,0.000408,0.000443,0.000341,0.000000,0.000199,0.000199,0.000123,0.000657,0.000429,0.000300,0.000737
0.287972,0.002180,0.094795,2.446667,0.056241,0.009076,0.000004,-0.348644,0.055416,-0.014998,-0.008882,0.000420,0.000455,0.000328,0.000000,0.000158,0.000158,0.000120,0.000648,0.000431,0.000305,0.000743
0.296529,0.003439,0.095140,2.446667,0.053689,0.015871,0.000201,-0.351818,0.054111,-0.014627,-0.008675,0.000430,0.000467,0.000315,0.000000,0.000141,0.000141,0.000116,0.000639,0.000430,0.000303,0.000740
0.305416,0.002648,0.095172,2.446667,0.053689,0.015871,0.000201,-0.355125,0.052791,-0.014267,-0.008457,0.000453,0.000491,0.000356,0.000000,0.000204,0.000204,0.000127,0.000632,0.000431,0.000306,0.000745
0.314923,0.004338,0.095541,2.446667,0.053414,0.022031,0.000378,-0.358499,0.051470,-0.013828,-0.008376,0.000464,0.000503,0.000339,0.000000,0.000160,0.000160,0.000122,0.000624,0.000431,0.000305,0.000744
0.324211,0.005325,0.095880,2.446667,0.052908,0.024239,0.000514,-0.361847,0.050283,-0.013397,-0.008112,0.000476,0.000516,0.000326,0.000000,0.000143,0.000143,0.000118,0.000618,0.000432,0.000307,0.000747
0.333071,0.005663,0.096069,2.446667,0.052908,0.024239,0.000526,-0.365125,0.049249,-0.013299,-0.007708,0.000498,0.000539,0.000313,0.000000,0.000201,0.000201,0.000115,0.000611,0.000430,0.000302,0.000741
0.342175,0.006226,0.096223,2.446667,0.052547,0.024623,0.000522,-0.368356,0.048369,-0.013250,-0.007176,0.000509,0.000552,0.000304,0.000000,0.000159,0.000159,0.000114,0.000605,0.000431,0.000305,0.000744
0.351386,0.006635,0.096306,2.446667,0.052547,0.024623,0.000522,-0.371428,0.047659,-0.012744,-0.006482,0.000535,0.000579,0.000342,0.000000,0.000222,0.000222,0.000124,0.000601,0.000433,0.000307,0.000748
0.360491,0.007014,0.096494,2.446667,0.052547,0.024623,0.000560,-0.374316,0.047084,-0.012098,-0.005797,0.000570,0.000615,0.000328,0.000000,0.000284,0.000284,0.000120,0.000596,0.000433,0.000306,0.000748
0.369559,0.007391,0.096351,2.446667,0.052547,0.024623,0.000344,-0.376983,0.046623,-0.011516,-0.005172,0.000617,0.000664,0.000316,0.000000,0.000346,0.000346,0.000117,0.000592,0.000433,0.000305,0.000747
0.381377,0.000481,0.096494,2.446667,0.061853,0.014224,0.000410,-0.379405,0.046249,-0.011014,-0.004571,0.000616,0.000663,0.000306,0.000000,0.000202,0.000202,0.000115,0.000587,0.000432,0.000305,0.000746
0.391300,-0.001200,0.096559,2.446667,0.061853,0.014224,0.000410,-0.381715,0.045997,-0.010666,-0.003948,0.000657,0.000705,0.000345,0.000000,0.000264,0.000264,0.000125,0.000584,0.000433,0.000306,0.000748
0.400249,0.000713,0.096465,2.446667,0.057866,0.019513,0.000281,-0.383994,0.045905,-0.010213,-0.003206,0.000661,0.000712,0.000331,0.000000,0.000180,0.000180,0.000121,0.000581,0.000434,0.000307,0.000750
0.409095,0.001756,0.096396,2.446667,0.056054,0.022253,0.000203,-0.386194,0.045944,-0.009820,-0.002505,0.000670,0.000722,0.000318,0.000000,0.000149,0.000149,0.000117,0.000577,0.000431,0.000301,0.000741
0.418285,0.001457,0.096414,2.446667,0.056054,0.022253,0.000206,-0.388509,0.046104,-0.009249,-0.001794,0.000698,0.000751,0.000307,0.000000,0.000207,0.000207,0.000114,0.000573,0.000429,0.000300,0.000736
0.427637,0.002518,0.096446,2.446667,0.055234,0.024857,0.000206,-0.390840,0.046309,-0.008891,-0.001189,0.000707,0.000761,0.000344,0.000000,0.000160,0.000160,0.000124,0.000570,0.000428,0.000300,0.000734
0.436817,0.003383,0.096432,2.446667,0.054801,0.026564,0.000184,-0.393280,0.046625,-0.008535,-0.000572,0.000717,0.000772,0.000328,0.000000,0.000140,0.000140,0.000119,0.000566,0.000425,0.000297,0.000728
0.445915,0.003635,0.096457,2.446667,0.054801,0.026564,0.000192,-0.395593,0.046999,-0.007981,-0.000003,0.000741,0.000797,0.000315,0.000000,0.000196,0.000196,0.000115,0.000562,0.000423,0.000295,0.000723
0.454967,0.003964,0.096529,2.446667,0.053701,0.026197,0.000231,-0.397951,0.047511,-0.008217,0.000642,0.000752,0.000810,0.000305,0.000000,0.000157,0.000157,0.000113,0.000572,0.000425,0.000454,0.000732
0.464153,0.004228,0.096565,2.446667,0.053454,0.025975,0.000231,-0.399838,0.048055,-0.007300,0.001209,0.000763,0.000822,0.000344,0.000000,0.000141,0.000141,0.000123,0.000573,0.000426,0.000363,0.000735
0.473097,0.004529,0.096430,2.446667,0.053454,0.025975,0.000104,-0.401437,0.048749,-0.006607,0.001869,0.000786,0.000846,0.000328,0.000000,0.000198,0.000198,0.000119,0.000571,0.000424,0.000324,0.000730
0.483708,0.000821,0.096367,2.446667,0.060287,0.019169,0.000058,-0.403029,0.049534,-0.006199,0.002464,0.000796,0.000857,0.000315,0.000000,0.000156,0.000156,0.000115,0.000569,0.000423,0.000308,0.000727
0.494641,-0.002795,0.096062,2.446667,0.064435,0.014680,-0.000168,-0.404700,0.050330,-0.005897,0.002913,0.000807,0.000870,0.000306,0.000000,0.000142,0.000142,0.000113,0.000569,0.000426,0.000309,0.000736
0.504970,-0.004900,0.096036,2.446667,0.064435,0.014680,-0.000168,-0.406525,0.051199,-0.005741,0.003344,0.000830,0.000894,0.000345,0.000000,0.000205,0.000205,0.000124,0.000568,0.000429,0.000308,0.000743
0.513926,-0.005004,0.095806,2.446667,0.059853,0.017770,-0.000280,-0.408165,0.052014,-0.005043,0.003651,0.000842,0.000907,0.000331,0.000000,0.000160,0.000160,0.000120,0.000567,0.000430,0.000308,0.000745
0.523264,-0.005029,0.095495,2.446667,0.058131,0.020425,-0.000442,-0.409626,0.052867,-0.004325,0.003934,0.000853,0.000920,0.000318,0.000000,0.000142,0.000142,0.000116,0.000565,0.000429,0.000304,0.000742
0.532509,-0.005840,0.094840,2.446667,0.058131,0.020425,-0.000847,-0.410699,0.053552,-0.003642,0.003909,0.000874,0.000942,0.000306,0.000000,0.000199,0.000199,0.000114,0.000562,0.000427,0.000299,0.000735
0.540674,-0.005283,0.094713,2.446667,0.054967,0.021889,-0.000847,-0.410696,0.053643,-0.003018,0.002838,0.000884,0.000953,0.000343,0.000000,0.000156,0.000156,0.000123,0.000559,0.000424,0.000296,0.000728
0.546759,-0.004219,0.094007,2.446667,0.046858,0.021292,-0.001195,-0.410088,0.053171,-0.002518,0.000991,0.000896,0.000966,0.000329,0.000000,0.000141,0.000141,0.000119,0.000557,0.000427,0.000302,0.000735
0.554515,-0.003476,0.093639,2.446667,0.046858,0.021292,-0.001234,-0.407681,0.051106,-0.001794,-0.002925,0.000917,0.000988,0.000316,0.000000,0.000198,0.000198,0.000115,0.000555,0.000425,0.000299,0.000730
0.553820,-0.000260,0.094702,2.446667,0.026484,0.017702,-0.000169,-0.403522,0.048242,-0.000774,-0.006483,0.000928,0.001000,0.000306,0.000000,0.000157,0.000157,0.000113,0.000553,0.000426,0.000301,0.000733
0.547447,0.003226,0.096343,2.446667,0.001051,0.010447,0.001086,-0.398560,0.045728,0.000150,-0.008327,0.000939,0.001011,0.000297,0.000000,0.000140,0.000140,0.000111,0.000552,0.000425,0.000301,0.000733
0.548221,0.005773,0.096509,2.446667,0.001051,0.010447,0.001086,-0.393347,0.044238,0.000807,-0.007830,0.000960,0.001032,0.000333,0.000000,0.000199,0.000199,0.000121,0.000550,0.000425,0.000300,0.000731
0.538107,0.009638,0.098222,2.446667,-0.023403,0.003580,0.002067,-0.388426,0.045510,0.001316,-0.002600,0.000972,0.001042,0.000320,0.000000,0.000158,0.000158,0.000117,0.000549,0.000426,0.000302,0.000735
0.531519,0.017517,0.099822,2.446668,-0.035692,0.012229,0.002787,-0.385402,0.048762,0.001542,0.003633,0.000983,0.001052,0.000310,0.000000,0.000142,0.000142,0.000115,0.000548,0.000428,0.000305,0.000741
0.527063,0.021668,0.101728,2.446668,-0.035692,0.012229,0.003647,-0.383719,0.052250,0.001495,0.008109,0.001005,0.001073,0.000301,0.000000,0.000203,0.000203,0.000113,0.000548,0.000429,0.000305,0.000741
0.516326,0.023449,0.102295,2.446668,-0.047341,0.002176,0.003647,-0.383409,0.054878,0.001231,0.009209,0.001016,0.001082,0.000339,0.000000,0.000159,0.000159,0.000123,0.000547,0.000429,0.000304,0.000741
0.506623,0.024749,0.103825,2.446668,-0.052196,-0.004331,0.004065,-0.383333,0.056641,0.001242,0.008620,0.001028,0.001092,0.000326,0.000000,0.000142,0.000142,0.000119,0.000546,0.000430,0.000305,0.000743
0.499065,0.026983,0.105438,2.446668,-0.052196,-0.004331,0.004540,-0.383722,0.057178,0.001637,0.006427,0.001049,0.001111,0.000313,0.000000,0.000200,0.000200,0.000116,0.000545,0.000428,0.000300,0.000736
0.489272,0.027724,0.107304,2.446667,-0.054894,-0.009158,0.005142,-0.384485,0.056776,0.003564,0.003590,0.001061,0.001121,0.000304,0.000000,0.000159,0.000159,0.000114,0.000545,0.000430,0.000305,0.000742
0.480279,0.028950,0.108083,2.446667,-0.056335,-0.010549,0.005142,-0.385417,0.055793,0.005786,0.000832,0.001071,0.001130,0.000341,0.000000,0.000140,0.000140,0.000123,0.000543,0.000428,0.000301,0.000736
0.471898,0.030362,0.110140,2.446667,-0.056335,-0.010549,0.005846,-0.386103,0.054414,0.008706,-0.001834,0.001093,0.001150,0.000326,0.000000,0.000197,0.000197,0.000118,0.000542,0.000425,0.000297,0.000730
0.463720,0.032157,0.112053,2.446667,-0.055419,-0.009383,0.006316,-0.386946,0.052227,0.011139,-0.004797,0.001104,0.001160,0.000315,0.000000,0.000157,0.000157,0.000116,0.000541,0.000426,0.000301,0.000734
0.457194,0.034228,0.114234,2.446667,-0.051760,-0.006697,0.006959,-0.387852,0.049735,0.012733,-0.007077,0.001115,0.001170,0.000304,0.000000,0.000140,0.000140,0.000113,0.000541,0.000426,0.000301,0.000734
0.449367,0.036077,0.115323,2.446666,-0.051760,-0.006697,0.006959,-0.388651,0.047281,0.013600,-0.008684,0.001137,0.001191,0.000343,0.000000,0.000202,0.000202,0.000123,0.000540,0.000427,0.000303,0.000737
0.443168,0.038304,0.116873,2.446666,-0.048687,-0.004612,0.007045,-0.389432,0.044945,0.013389,-0.009551,0.001148,0.001202,0.000328,0.000000,0.000158,0.000158,0.000119,0.000540,0.000428,0.000303,0.000738
0.435823,0.043875,0.118386,2.446666,-0.051656,0.003020,0.007112,-0.390213,0.042861,0.012635,-0.009901,0.001160,0.001213,0.000317,0.000000,0.000143,0.000143,0.000116,0.000541,0.000430,0.000307,0.000745
0.428814,0.047171,0.119591,2.446666,-0.051656,0.003020,0.007009,-0.391028,0.041093,0.011625,-0.009761,0.001181,0.001234,0.000306,0.000000,0.000201,0.000201,0.000114,0.000539,0.000428,0.000302,0.000738
0.423955,0.048335,0.120636,2.446666,-0.045543,0.000299,0.007009,-0.392037,0.039675,0.009890,-0.009185,0.001191,0.001244,0.000343,0.000000,0.000156,0.000156,0.000123,0.000538,0.000425,0.000297,0.000730
0.418643,0.049109,0.121293,2.446666,-0.041114,-0.002856,0.006565,-0.393039,0.038513,0.008364,-0.008360,0.001203,0.001255,0.000329,0.000000,0.000141,0.000141,0.000119,0.000538,0.000427,0.000302,0.000736
0.412750,0.051069,0.121617,2.446666,-0.041114,-0.002856,0.005997,-0.394184,0.037699,0.006979,-0.007390,0.001224,0.001276,0.000316,0.000000,0.000200,0.000200,0.000116,0.000537,0.000426,0.000300,0.000733
0.407515,0.051162,0.121656,2.446666,-0.037507,-0.006285,0.005307,-0.395218,0.037164,0.005906,-0.006197,0.001236,0.001287,0.000306,0.000000,0.000158,0.000158,0.000114,0.000538,0.000428,0.000304,0.000738
0.402743,0.051106,0.121345,2.446666,-0.034137,-0.008458,0.004490,-0.396127,0.037030,0.005059,-0.004805,0.001247,0.001299,0.000298,0.000000,0.000142,0.000142,0.000112,0.000538,0.000429,0.000304,0.000740
0.397526,0.051917,0.122025,2.446666,-0.034137,-0.008458,0.004490,-0.396956,0.037217,0.004444,-0.003396,0.001269,0.001320,0.000334,0.000000,0.000199,0.000199,0.000121,0.000537,0.000427,0.000300,0.000735
0.393303,0.051382,0.121212,2.446666,-0.030545,-0.010397,0.003526,-0.397575,0.037744,0.003995,-0.001850,0.001280,0.001331,0.000321,0.000000,0.000157,0.000157,0.000118,0.000536,0.000427,0.000301,0.000735
0.389328,0.050887,0.120363,2.446666,-0.027908,-0.011432,0.002696,-0.398153,0.038487,0.003682,-0.000321,0.001290,0.001341,0.000309,0.000000,0.000140,0.000140,0.000115,0.000536,0.000425,0.000299,0.000731
0.384573,0.050945,0.119289,2.446666,-0.027908,-0.011432,0.001795,-0.398650,0.039573,0.003654,0.001233,0.001313,0.001364,0.000301,0.000000,0.000203,0.000203,0.000113,0.000536,0.000428,0.000304,0.000738
0.381740,0.050770,0.119575,2.446666,-0.023548,-0.010218,0.001795,-0.399299,0.040958,0.003562,0.002781,0.001324,0.001376,0.000340,0.000000,0.000160,0.000160,0.000123,0.000537,0.000430,0.000307,0.000744
0.379095,0.050778,0.118211,2.446666,-0.020484,-0.008873,0.000874,-0.399967,0.042464,0.003723,0.004144,0.001336,0.001388,0.000327,0.000000,0.000143,0.000143,0.000120,0.000538,0.000432,0.000308,0.000748
0.375775,0.050778,0.116966,2.446666,-0.020484,-0.008873,0.000165,-0.400628,0.043967,0.003987,0.005288,0.001357,0.001409,0.000314,0.000000,0.000200,0.000200,0.000116,0.000537,0.000429,0.000301,0.000739
0.373587,0.050871,0.115337,2.446666,-0.017927,-0.007576,-0.000776,-0.401180,0.045763,0.004493,0.006516,0.001368,0.001420,0.000304,0.000000,0.000158,0.000158,0.000114,0.000536,0.000429,0.000302,0.000739
0.371434,0.050758,0.115220,2.446666,-0.016209,-0.007237,-0.000776,-0.401714,0.047769,0.004792,0.007736,0.001378,0.001430,0.000341,0.000000,0.000140,0.000140,0.000123,0.000535,0.000426,0.000298,0.000732
0.368684,0.050745,0.113462,2.446666,-0.016209,-0.007237,-0.001635,-0.402153,0.049776,0.005029,0.008618,0.001401,0.001453,0.000327,0.000000,0.000201,0.000201,0.000119,0.000536,0.000427,0.000302,0.000736
0.366145,0.049825,0.111603,2.446666,-0.014937,-0.008976,-0.002477,-0.402338,0.051853,0.005522,0.009318,0.001412,0.001464,0.000315,0.000000,0.000158,0.000158,0.000116,0.000536,0.000428,0.000304,0.000739
0.363448,0.049479,0.109688,2.446666,-0.014937,-0.008976,-0.003261,-0.402363,0.053768,0.005942,0.009728,0.001437,0.001490,0.000306,0.000000,0.000221,0.000221,0.000114,0.000536,0.000430,0.000305,0.000742
0.360729,0.049123,0.109171,2.446666,-0.014937,-0.008976,-0.003261,-0.401954,0.055714,0.006759,0.010019,0.001473,0.001525,0.000345,0.000000,0.000284,0.000284,0.000124,0.000537,0.000431,0.000307,0.000746
0.357995,0.048761,0.107193,2.446666,-0.014937,-0.008976,-0.003978,-0.401423,0.057789,0.007135,0.010459,0.001521,0.001573,0.000331,0.000000,0.000347,0.000347,0.000120,0.000538,0.000433,0.000308,0.000749
0.356080,0.047465,0.105085,2.446666,-0.012943,-0.009955,-0.004733,-0.400807,0.059703,0.007691,0.010599,0.001520,0.001572,0.000319,0.000000,0.000203,0.000203,0.000117,0.000538,0.000434,0.000308,0.000751
0.353702,0.046871,0.103016,2.446666,-0.012943,-0.009955,-0.005400,-0.400214,0.061395,0.008245,0.010659,0.001559,0.001611,0.000308,0.000000,0.000260,0.000260,0.000114,0.000537,0.000431,0.000302,0.000742
0.352004,0.046192,0.101007,2.446666,-0.011628,-0.009514,-0.005921,-0.399672,0.063082,0.008792,0.010473,0.001563,0.001616,0.000299,0.000000,0.000179,0.000179,0.000113,0.000538,0.000432,0.000305,0.000746
0.350172,0.045527,0.100112,2.446666,-0.011024,-0.009389,-0.005921,-0.399161,0.064548,0.009616,0.010061,0.001572,0.001625,0.000336,0.000000,0.000148,0.000148,0.000122,0.000537,0.000429,0.000300,0.000738
0.348040,0.044892,0.098069,2.446666,-0.011024,-0.009389,-0.006447,-0.398583,0.065875,0.010049,0.009588,0.001601,0.001654,0.000322,0.000000,0.000209,0.000209,0.000118,0.000537,0.000429,0.000302,0.000739
0.345899,0.044245,0.096178,2.446666,-0.011024,-0.009389,-0.006809,-0.397694,0.067115,0.010592,0.009095,0.001639,0.001691,0.000312,0.000000,0.000270,0.000270,0.000116,0.000537,0.000430,0.000303,0.000740
0.343716,0.043581,0.094692,2.446666,-0.011024,-0.009389,-0.006821,-0.396649,0.068193,0.011075,0.008548,0.001689,0.001742,0.000303,0.000000,0.000334,0.000334,0.000114,0.000538,0.000431,0.000306,0.000745
0.341655,0.042951,0.093670,2.446666,-0.011024,-0.009389,-0.006821,-0.395567,0.069085,0.011503,0.007939,0.001750,0.001803,0.000339,0.000000,0.000390,0.000390,0.000123,0.000536,0.000428,0.000300,0.000736
0.342141,0.044182,0.092321,2.446666,-0.008356,-0.005078,-0.006826,-0.394461,0.069823,0.011885,0.007066,0.001733,0.001786,0.000326,0.000000,0.000212,0.000212,0.000119,0.000537,0.000430,0.000304,0.000741
0.341139,0.044827,0.090976,2.446666,-0.008213,-0.003584,-0.006899,-0.393450,0.070288,0.012327,0.006122,0.001737,0.001790,0.000314,0.000000,0.000161,0.000161,0.000116,0.000536,0.000427,0.000299,0.000734
0.339724,0.044844,0.089950,2.446666,-0.008213,-0.003584,-0.006690,-0.392353,0.070560,0.012668,0.005107,0.001773,0.001826,0.000305,0.000000,0.000224,0.000224,0.000114,0.000537,0.000429,0.000305,0.000741
0.338367,0.045413,0.088907,2.446667,-0.008541,-0.002654,-0.006690,-0.391214,0.070548,0.012922,0.003896,0.001779,0.001833,0.000343,0.000000,0.000166,0.000166,0.000124,0.000537,0.000429,0.000304,0.000741
0.336991,0.045829,0.088256,2.446667,-0.008707,-0.002193,-0.006332,-0.389883,0.070208,0.013110,0.002513,0.001790,0.001843,0.000329,0.000000,0.000145,0.000145,0.000120,0.000537,0.000430,0.000305,0.000743
0.335591,0.046060,0.087488,2.446667,-0.008707,-0.002193,-0.006134,-0.388361,0.069607,0.013466,0.001125,0.001818,0.001871,0.000317,0.000000,0.000208,0.000208,0.000117,0.000537,0.000431,0.000306,0.000746
0.334075,0.046491,0.087045,2.446667,-0.009222,-0.001926,-0.005753,-0.386675,0.068693,0.013972,-0.000361,0.001827,0.001880,0.000306,0.000000,0.000159,0.000159,0.000114,0.000536,0.000428,0.000300,0.000737
0.332516,0.046893,0.086133,2.446667,-0.009500,-0.001779,-0.005753,-0.384852,0.067656,0.014293,-0.001733,0.001838,0.001892,0.000345,0.000000,0.000143,0.000143,0.000124,0.000537,0.000430,0.000305,0.000742
0.331027,0.047214,0.085932,2.446668,-0.009500,-0.001779,-0.005292,-0.383012,0.066274,0.014465,-0.003159,0.001863,0.001916,0.000330,0.000000,0.000205,0.000205,0.000120,0.000537,0.000431,0.000306,0.000744
0.329372,0.047854,0.085972,2.446668,-0.010101,-0.001267,-0.004714,-0.381147,0.064596,0.014747,-0.004666,0.001874,0.001927,0.000318,0.000000,0.000160,0.000160,0.000117,0.000538,0.000432,0.000306,0.000746
0.328355,0.048695,0.086081,2.446668,-0.009351,0.000052,-0.004180,-0.379154,0.062794,0.015360,-0.006050,0.001885,0.001939,0.000308,0.000000,0.000143,0.000143,0.000115,0.000538,0.000432,0.000306,0.000747
0.327067,0.049240,0.086197,2.446668,-0.009351,0.000052,-0.003746,-0.377251,0.061057,0.015773,-0.007115,0.001907,0.001961,0.000298,0.000000,0.000199,0.000199,0.000112,0.000537,0.000428,0.000299,0.000736
0.325855,0.049985,0.085613,2.446668,-0.009213,0.000549,-0.003746,-0.375094,0.059077,0.016202,-0.008199,0.001918,0.001972,0.000335,0.000000,0.000157,0.000157,0.000122,0.000537,0.000429,0.000302,0.000738
0.324914,0.050913,0.086054,2.446668,-0.008788,0.001510,-0.003163,-0.372996,0.057047,0.016422,-0.009029,0.001929,0.001982,0.000321,0.000000,0.000140,0.000140,0.000118,0.000536,0.000427,0.000300,0.000734
0.323704,0.051666,0.086670,2.446668,-0.008788,0.001510,-0.002499,-0.370813,0.055004,0.016602,-0.009629,0.001952,0.002005,0.000311,0.000000,0.000203,0.000203,0.000116,0.000537,0.000429,0.000305,0.000741
0.322970,0.052763,0.087134,2.446668,-0.008074,0.002661,-0.002051,-0.368602,0.052922,0.016803,-0.010143,0.001963,0.002017,0.000303,0.000000,0.000160,0.000160,0.000114,0.000537,0.000431,0.000306,0.000744
0.322123,0.053648,0.086812,2.446668,-0.007691,0.002853,-0.002051,-0.366371,0.051034,0.017132,-0.010396,0.001975,0.002028,0.000341,0.000000,0.000143,0.000143,0.000124,0.000537,0.000431,0.000306,0.000746
0.321163,0.054512,0.087499,2.446668,-0.007691,0.002853,-0.001525,-0.363918,0.049092,0.017770,-0.010617,0.001997,0.002051,0.000327,0.000000,0.000204,0.000204,0.000120,0.000538,0.000431,0.000305,0.000745
0.320483,0.055303,0.088001,2.446668,-0.007016,0.002943,-0.001190,-0.361327,0.047164,0.018085,-0.010759,0.002008,0.002062,0.000316,0.000000,0.000160,0.000160,0.000117,0.000538,0.000432,0.000306,0.000746
0.319797,0.056070,0.088746,2.446668,-0.006658,0.002982,-0.000683,-0.358757,0.045506,0.018496,-0.010595,0.002019,0.002072,0.000305,0.000000,0.000141,0.000141,0.000114,0.000537,0.000429,0.000301,0.000739
0.319001,0.056872,0.088641,2.446668,-0.006658,0.002982,-0.000683,-0.355931,0.043925,0.019466,-0.010272,0.002041,0.002094,0.000343,0.000000,0.000200,0.000200,0.000124,0.000537,0.000429,0.000301,0.000737
0.318444,0.057571,0.089002,2.446668,-0.006001,0.002928,-0.000558,-0.352481,0.042554,0.022242,-0.009800,0.002052,0.002106,0.000329,0.000000,0.000158,0.000158,0.000120,0.000537,0.000430,0.000304,0.000741
0.317712,0.057890,0.088753,2.446668,-0.005646,0.001927,-0.000867,-0.347122,0.041349,0.029954,-0.009180,0.002064,0.002117,0.000317,0.000000,0.000142,0.000142,0.000117,0.000537,0.000430,0.000305,0.000742
0.316972,0.058456,0.088474,2.446668,-0.005646,0.001927,-0.001082,-0.339887,0.040347,0.036668,-0.008386,0.002086,0.002139,0.000307,0.000000,0.000204,0.000204,0.000114,0.000537,0.000431,0.000305,0.000744
0.315288,0.057143,0.088805,2.446668,-0.006187,-0.002817,-0.000739,-0.331356,0.039498,0.040532,-0.007648,0.002097,0.002151,0.000299,0.000000,0.000160,0.000160,0.000113,0.000538,0.000432,0.000306,0.000746
0.313160,0.055238,0.088693,2.446668,-0.007177,-0.007453,-0.000739,-0.321892,0.038785,0.044038,-0.007082,0.002108,0.002161,0.000335,0.000000,0.000141,0.000141,0.000122,0.000537,0.000429,0.000301,0.000739
0.311665,0.054337,0.089920,2.446668,-0.007177,-0.007453,0.000200,-0.310227,0.037799,0.046429,-0.007055,0.002131,0.002184,0.000323,0.000000,0.000204,0.000204,0.000119,0.000538,0.000431,0.000305,0.000743
0.309966,0.052176,0.091041,2.446668,-0.006706,-0.010370,0.000872,-0.299017,0.036477,0.047336,-0.007539,0.002142,0.002196,0.000312,0.000000,0.000160,0.000160,0.000116,0.000538,0.000432,0.000307,0.000747
0.308916,0.050443,0.091801,2.446668,-0.005384,-0.010939,0.001149,-0.289995,0.035135,0.045083,-0.007935,0.002154,0.002207,0.000303,0.000000,0.000143,0.000143,0.000114,0.000538,0.000432,0.000306,0.000747
0.307589,0.049008,0.091984,2.446668,-0.005384,-0.010939,0.001149,-0.285682,0.033631,0.033560,-0.008320,0.002176,0.002230,0.000342,0.000000,0.000206,0.000206,0.000124,0.000539,0.000433,0.000307,0.000750
0.307702,0.048950,0.092833,2.446668,-0.003233,-0.007018,0.001471,-0.283239,0.032240,0.023494,-0.008570,0.002187,0.002241,0.000328,0.000000,0.000160,0.000160,0.000120,0.000539,0.000432,0.000304,0.000746
0.308625,0.049886,0.093522,2.446668,-0.000650,-0.001543,0.001639,-0.281459,0.030653,0.012719,-0.008953,0.002199,0.002252,0.000316,0.000000,0.000143,0.000143,0.000117,0.000539,0.000433,0.000306,0.000747
0.308444,0.049568,0.093430,2.446668,-0.000650,-0.001543,0.001201,-0.278297,0.029025,0.005398,-0.009159,0.002222,0.002275,0.000307,0.000000,0.000206,0.000206,0.000115,0.000540,0.000434,0.000307,0.000750
0.308267,0.049228,0.093027,2.446668,-0.000650,-0.001543,0.000656,-0.274177,0.027530,0.002583,-0.009175,0.002253,0.002307,0.000299,0.000000,0.000268,0.000268,0.000113,0.000540,0.000434,0.000307,0.000749
0.308099,0.048896,0.093127,2.446668,-0.000650,-0.001543,0.000656,-0.269270,0.026108,0.003613,-0.009078,0.002295,0.002348,0.000335,0.000000,0.000326,0.000326,0.000123,0.000551,0.000431,0.000454,0.000742
0.307929,0.048574,0.092815,2.446668,-0.000650,-0.001543,0.000350,-0.265804,0.024834,0.000922,-0.008834,0.002351,0.002405,0.000323,0.000000,0.000387,0.000387,0.000119,0.000553,0.000431,0.000363,0.000742
0.307761,0.048297,0.091412,2.446668,-0.000650,-0.001543,-0.000739,-0.264991,0.023761,-0.004053,-0.008227,0.002426,0.002480,0.000312,0.000000,0.000449,0.000449,0.000116,0.000555,0.000431,0.000329,0.000743
0.307595,0.048043,0.089994,2.446668,-0.000650,-0.001543,-0.001602,-0.265955,0.022991,-0.009852,-0.007332,0.002522,0.002576,0.000303,0.000000,0.000511,0.000511,0.000114,0.000556,0.000432,0.000316,0.000745
0.307431,0.047796,0.089744,2.446668,-0.000650,-0.001543,-0.001602,-0.268061,0.022655,-0.016174,-0.006009,0.002640,0.002694,0.000341,0.000000,0.000572,0.000572,0.000124,0.000556,0.000432,0.000309,0.000744
0.304543,0.043924,0.088060,2.446668,-0.002704,-0.006793,-0.002475,-0.269634,0.022544,-0.019293,-0.004726,0.002535,0.002589,0.000327,0.000000,0.000245,0.000245,0.000120,0.000556,0.000432,0.000307,0.000744
0.308327,0.049346,0.086949,2.446668,0.000611,0.002707,-0.002779,-0.269065,0.022675,-0.019890,-0.003528,0.002522,0.002576,0.000315,0.000000,0.000172,0.000172,0.000116,0.000554,0.000428,0.000300,0.000736
0.308522,0.049598,0.086231,2.446668,0.000611,0.002707,-0.002772,-0.267319,0.023018,-0.019655,-0.002335,0.002566,0.002620,0.000304,0.000000,0.000228,0.000228,0.000113,0.000552,0.000425,0.000297,0.000729
0.312084,0.055231,0.085795,2.446668,0.003297,0.011720,-0.002772,-0.266593,0.023559,-0.021714,-0.001085,0.002567,0.002620,0.000342,0.000000,0.000168,0.000168,0.000123,0.000551,0.000427,0.000302,0.000735
0.313975,0.058672,0.085306,2.446668,0.003919,0.015121,-0.002640,-0.266682,0.024327,-0.023966,0.000278,0.002576,0.002629,0.000328,0.000000,0.000146,0.000146,0.000119,0.000550,0.000428,0.000304,0.000739
0.315164,0.060714,0.084820,2.446668,0.003919,0.015121,-0.002578,-0.268103,0.025675,-0.025046,0.002191,0.002607,0.002660,0.000316,0.000000,0.000206,0.000206,0.000116,0.000549,0.000428,0.000303,0.000738
0.316378,0.062817,0.084169,2.446668,0.003919,0.015121,-0.002676,-0.270194,0.027515,-0.024297,0.004233,0.002647,0.002700,0.000306,0.000000,0.000268,0.000268,0.000114,0.000549,0.000429,0.000304,0.000741
0.317547,0.064840,0.083765,2.446668,0.003919,0.015121,-0.002676,-0.272174,0.029505,-0.023120,0.006043,0.002696,0.002749,0.000344,0.000000,0.000325,0.000325,0.000123,0.000547,0.000427,0.000300,0.000734
0.318744,0.066910,0.083305,2.446668,0.003919,0.015121,-0.002643,-0.274440,0.031736,-0.022519,0.007584,0.002761,0.002814,0.000329,0.000000,0.000384,0.000384,0.000119,0.000546,0.000427,0.000301,0.000734
0.319955,0.068995,0.082774,2.446668,0.003919,0.015121,-0.002680,-0.276725,0.033837,-0.022354,0.008641,0.002843,0.002896,0.000317,0.000000,0.000445,0.000445,0.000116,0.000545,0.000427,0.000302,0.000736
0.321158,0.071061,0.082355,2.446667,0.003919,0.015121,-0.002631,-0.279140,0.035963,-0.023358,0.009382,0.002944,0.002997,0.000306,0.000000,0.000505,0.000505,0.000113,0.000544,0.000427,0.000302,0.000736
0.322387,0.073161,0.081941,2.446667,0.003919,0.015121,-0.002631,-0.282745,0.038143,-0.029237,0.009977,0.003071,0.003124,0.000345,0.000000,0.000567,0.000567,0.000123,0.000544,0.000428,0.000304,0.000740
0.323594,0.075227,0.081609,2.446667,0.003919,0.015121,-0.002553,-0.286354,0.040141,-0.033432,0.010273,0.003222,0.003275,0.000330,0.000000,0.000627,0.000627,0.000119,0.000543,0.000428,0.000303,0.000740
0.324809,0.077325,0.081792,2.446667,0.003919,0.015121,-0.002093,-0.288627,0.042252,-0.032732,0.010652,0.003405,0.003458,0.000318,0.000000,0.000689,0.000689,0.000116,0.000543,0.000430,0.000305,0.000743
0.326030,0.079445,0.082028,2.446667,0.003919,0.015121,-0.001690,-0.290401,0.044208,-0.031646,0.010857,0.003623,0.003676,0.000308,0.000000,0.000753,0.000753,0.000114,0.000543,0.000432,0.000307,0.000747
0.327205,0.081501,0.082265,2.446667,0.003919,0.015121,-0.001373,-0.291764,0.046051,-0.031583,0.010833,0.003869,0.003922,0.000299,0.000000,0.000813,0.000813,0.000113,0.000543,0.000431,0.000304,0.000744
0.328395,0.083582,0.082051,2.446667,0.003919,0.015121,-0.001373,-0.293562,0.047666,-0.032405,0.010506,0.004156,0.004209,0.000337,0.000000,0.000874,0.000874,0.000122,0.000542,0.000431,0.000304,0.000743
0.329584,0.085637,0.082543,2.446667,0.003919,0.015121,-0.000941,-0.296206,0.049078,-0.033507,0.009959,0.004479,0.004532,0.000323,0.000000,0.000933,0.000933,0.000118,0.000542,0.000430,0.000302,0.000740
0.330803,0.087733,0.083167,2.446667,0.003919,0.015121,-0.000472,-0.298740,0.050358,-0.032576,0.009477,0.004853,0.004906,0.000312,0.000000,0.000995,0.000995,0.000116,0.000541,0.000430,0.000304,0.000742
0.332034,0.089833,0.083741,2.446667,0.003919,0.015121,-0.000115,-0.301259,0.051614,-0.031146,0.009090,0.005275,0.005328,0.000303,0.000000,0.001057,0.001057,0.000114,0.000541,0.000431,0.000305,0.000744
0.333267,0.091930,0.083722,2.446667,0.003919,0.015121,-0.000115,-0.303500,0.052863,-0.029491,0.008782,0.005748,0.005800,0.000341,0.000000,0.001119,0.001119,0.000124,0.000541,0.000432,0.000306,0.000745
0.334483,0.093994,0.084364,2.446667,0.003919,0.015121,0.000227,-0.305620,0.053956,-0.028424,0.008388,0.006265,0.006318,0.000327,0.000000,0.001179,0.001179,0.000120,0.000541,0.000431,0.000304,0.000743
0.335715,0.096064,0.085441,2.446667,0.003919,0.015121,0.000872,-0.308021,0.054951,-0.027934,0.007890,0.006841,0.006893,0.000315,0.000000,0.001240,0.001240,0.000116,0.000541,0.000430,0.000303,0.000742
0.336970,0.098159,0.086626,2.446667,0.003919,0.015121,0.001492,-0.310530,0.055768,-0.027619,0.007285,0.007483,0.007536,0.000306,0.000000,0.001302,0.001302,0.000114,0.000541,0.000431,0.000305,0.000744
0.338172,0.100145,0.086849,2.446667,0.003919,0.015121,0.001492,-0.313002,0.056442,-0.026951,0.006693,0.008151,0.008204,0.000342,0.000000,0.001358,0.001358,0.000123,0.000539,0.000428,0.000299,0.000734
0.339426,0.102200,0.088319,2.446667,0.003919,0.015121,0.002210,-0.315463,0.057028,-0.025606,0.006086,0.008906,0.008958,0.000328,0.000000,0.001418,0.001418,0.000119,0.000539,0.000428,0.000301,0.000735
0.340715,0.104284,0.089899,2.446667,0.003919,0.015121,0.002905,-0.318330,0.057613,-0.025339,0.005615,0.009741,0.009794,0.000316,0.000000,0.001480,0.001480,0.000116,0.000550,0.000429,0.000459,0.000740
0.341989,0.106334,0.091561,2.446667,0.003919,0.015121,0.003568,-0.320637,0.058099,-0.023581,0.005176,0.010634,0.010687,0.000306,0.000000,0.001541,0.001541,0.000114,0.000553,0.000429,0.000364,0.000739
0.343299,0.108423,0.092126,2.446667,0.003919,0.015121,0.003568,-0.323130,0.058634,-0.022683,0.004876,0.011621,0.011674,0.000345,0.000000,0.001603,0.001603,0.000124,0.000555,0.000430,0.000331,0.000744
0.344596,0.110486,0.093825,2.446667,0.003919,0.015121,0.004156,-0.325415,0.059231,-0.021846,0.004737,0.012674,0.012727,0.000331,0.000000,0.001665,0.001665,0.000120,0.000556,0.000431,0.000316,0.000744
0.345890,0.112540,0.095355,2.446667,0.003919,0.015121,0.004549,-0.327643,0.059829,-0.021555,0.004647,0.013803,0.013855,0.000318,0.000000,0.001726,0.001726,0.000117,0.000570,0.000431,0.000471,0.000744
0.347132,0.114512,0.097056,2.446667,0.003919,0.015121,0.005072,-0.329405,0.060498,-0.020580,0.004680,0.014964,0.015016,0.000307,0.000000,0.001782,0.001782,0.000114,0.000570,0.000427,0.000364,0.000735
0.348438,0.116578,0.098780,2.446667,0.003919,0.015121,0.005519,-0.330966,0.061166,-0.019130,0.004697,0.016266,0.016318,0.000298,0.000000,0.001844,0.001844,0.000112,0.000571,0.000429,0.000330,0.000738
0.349700,0.118569,0.099615,2.446667,0.003919,0.015121,0.005519,-0.332365,0.062083,-0.018048,0.005148,0.017605,0.017658,0.000334,0.000000,0.001901,0.001901,0.000121,0.000570,0.000427,0.000311,0.000733
0.351027,0.120652,0.100976,2.446667,0.003919,0.015121,0.005645,-0.333868,0.063339,-0.017297,0.006037,0.019101,0.019153,0.000322,0.000000,0.001965,0.001965,0.000118,0.000570,0.000429,0.000309,0.000740
0.352271,0.122608,0.102835,2.446667,0.003919,0.015121,0.006218,-0.335455,0.065851,-0.017999,0.008806,0.020594,0.020646,0.000310,0.000000,0.002020,0.002020,0.000115,0.000567,0.000425,0.000300,0.000731
0.353590,0.124693,0.104277,2.446668,0.003919,0.015121,0.006331,-0.336975,0.069079,-0.018435,0.012184,0.022280,0.022332,0.000301,0.000000,0.002083,0.002083,0.000113,0.000566,0.000428,0.000305,0.000738
0.354837,0.126773,0.105266,2.446668,0.003919,0.015121,0.006331,-0.337108,0.074100,-0.018794,0.017200,0.024043,0.024096,0.000339,0.000000,0.002145,0.002145,0.000123,0.000564,0.000429,0.000305,0.000740
0.355963,0.128897,0.106498,2.446669,0.003919,0.015121,0.006353,-0.334518,0.080510,-0.019198,0.022510,0.025898,0.025950,0.000325,0.000000,0.002205,0.002205,0.000119,0.000562,0.000429,0.000304,0.000740
0.356945,0.131001,0.106084,2.446670,0.003919,0.015121,0.005160,-0.329308,0.086819,-0.018191,0.026356,0.027787,0.027839,0.000313,0.000000,0.002262,0.002262,0.000115,0.000560,0.000426,0.000299,0.000733
0.357790,0.133285,0.104591,2.446670,0.003919,0.015121,0.003389,-0.319268,0.092484,-0.015343,0.027208,0.029857,0.029910,0.000303,0.000000,0.002323,0.002323,0.000113,0.000558,0.000427,0.000302,0.000736
0.358550,0.135607,0.105116,2.446670,0.003919,0.015121,0.003389,-0.307753,0.096348,-0.013219,0.025024,0.032030,0.032083,0.000341,0.000000,0.002384,0.002384,0.000123,0.000556,0.000428,0.000303,0.000737
0.359216,0.137991,0.102886,2.446670,0.003919,0.015121,0.001551,-0.294061,0.096146,-0.010115,0.016554,0.034321,0.034373,0.000327,0.000000,0.002445,0.002445,0.000119,0.000555,0.000428,0.000303,0.000739
0.359899,0.140363,0.100214,2.446670,0.003919,0.015121,-0.000298,-0.281591,0.093315,-0.008319,0.006588,0.036719,0.036771,0.000315,0.000000,0.002505,0.002505,0.000116,0.000554,0.000428,0.000303,0.000739
0.360758,0.142668,0.097956,2.446669,0.003919,0.015121,-0.001513,-0.273973,0.087901,-0.008370,-0.003490,0.039255,0.039307,0.000305,0.000000,0.002567,0.002567,0.000114,0.000552,0.000429,0.000304,0.000741
0.361635,0.144843,0.097730,2.446669,0.003919,0.015121,-0.001513,-0.269020,0.082771,-0.010413,-0.010119,0.041795,0.041847,0.000342,0.000000,0.002623,0.002623,0.000123,0.000550,0.000426,0.000299,0.000733
0.362671,0.147067,0.095239,2.446669,0.003919,0.015121,-0.002691,-0.266905,0.079821,-0.012144,-0.010025,0.044585,0.044637,0.000328,0.000000,0.002685,0.002685,0.000119,0.000549,0.000428,0.000303,0.000737
0.363559,0.149264,0.091743,2.446668,0.003919,0.015121,-0.004531,-0.262011,0.079949,-0.010656,-0.005180,0.047394,0.047446,0.000315,0.000000,0.002742,0.002742,0.000116,0.000559,0.000426,0.000448,0.000732
0.364355,0.151625,0.088377,2.446668,0.003919,0.015121,-0.005970,-0.254253,0.081136,-0.009869,-0.000450,0.050453,0.050505,0.000305,0.000000,0.002804,0.002804,0.000114,0.000561,0.000427,0.000362,0.000737
0.364983,0.153943,0.087484,2.446668,0.003919,0.015121,-0.005970,-0.244259,0.082333,-0.009080,0.002476,0.053491,0.053543,0.000342,0.000000,0.002860,0.002860,0.000123,0.000560,0.000425,0.000323,0.000731
0.365422,0.156463,0.082389,2.446668,0.003919,0.015121,-0.008487,-0.229779,0.081294,-0.008765,-0.000333,0.056776,0.056827,0.000328,0.000000,0.002921,0.002921,0.000119,0.000560,0.000426,0.000312,0.000734
0.365790,0.159065,0.078201,2.446669,0.003919,0.015121,-0.009898,-0.214138,0.075954,-0.008592,-0.009754,0.060251,0.060303,0.000316,0.000000,0.002984,0.002984,0.000116,0.000561,0.000428,0.000309,0.000739
0.366133,0.161527,0.074606,2.446671,0.003919,0.015121,-0.010770,-0.200020,0.068215,-0.008354,-0.020467,0.063669,0.063720,0.000305,0.000000,0.003040,0.003040,0.000113,0.000558,0.000425,0.000300,0.000731
0.366733,0.163966,0.072450,2.446674,0.003919,0.015121,-0.010426,-0.191389,0.056549,-0.008626,-0.033276,0.067373,0.067425,0.000296,0.000000,0.003101,0.003101,0.000112,0.000557,0.000426,0.000302,0.000734
0.367464,0.166369,0.070803,2.446676,0.003919,0.015121,-0.010426,-0.185729,0.044558,-0.008599,-0.043533,0.071278,0.071330,0.000334,0.000000,0.003163,0.003163,0.000122,0.000556,0.000428,0.000305,0.000740
0.368523,0.168622,0.069996,2.446678,0.003919,0.015121,-0.009311,-0.187215,0.032101,-0.009050,-0.049946,0.075372,0.075424,0.000322,0.000000,0.003227,0.003227,0.000118,0.000556,0.000430,0.000307,0.000745
0.369809,0.170722,0.069458,2.446679,0.003919,0.015121,-0.008347,-0.193830,0.021103,-0.009996,-0.051533,0.079579,0.079630,0.000311,0.000000,0.003288,0.003288,0.000116,0.000555,0.000431,0.000306,0.000746
0.371177,0.172738,0.069357,2.446680,0.003919,0.015121,-0.007318,-0.202122,0.012443,-0.010539,-0.049648,0.083881,0.083932,0.000302,0.000000,0.003349,0.003349,0.000114,0.000554,0.000430,0.000304,0.000743
0.372687,0.174752,0.068193,2.446680,0.003919,0.015121,-0.007318,-0.212872,0.006804,-0.012578,-0.043306,0.088466,0.088517,0.000341,0.000000,0.003412,0.003412,0.000124,0.000565,0.000432,0.000465,0.000747
0.374229,0.176707,0.068599,2.446680,0.003919,0.015121,-0.006232,-0.224128,0.003654,-0.013490,-0.035460,0.093149,0.093201,0.000327,0.000000,0.003473,0.003473,0.000120,0.000567,0.000432,0.000367,0.000746
0.375917,0.178620,0.069107,2.446680,0.003919,0.015121,-0.005253,-0.238051,0.003261,-0.015397,-0.026086,0.098068,0.098119,0.000316,0.000000,0.003536,0.003536,0.000117,0.000568,0.000433,0.000332,0.000748
0.377684,0.180474,0.069763,2.446680,0.003919,0.015121,-0.004330,-0.253588,0.004538,-0.017921,-0.017235,0.103132,0.103183,0.000306,0.000000,0.003598,0.003598,0.000115,0.000568,0.000433,0.000317,0.000748
0.379490,0.182159,0.069117,2.446680,0.003919,0.015121,-0.004330,-0.271022,0.007534,-0.021450,-0.009140,0.108092,0.108143,0.000343,0.000000,0.003654,0.003654,0.000124,0.000580,0.000429,0.000458,0.000737
0.381380,0.183931,0.070107,2.446680,0.003919,0.015121,-0.003377,-0.288334,0.011048,-0.022823,-0.002103,0.113482,0.113533,0.000329,0.000000,0.003715,0.003715,0.000120,0.000581,0.000430,0.000364,0.000739
0.383291,0.185684,0.071431,2.446680,0.003919,0.015121,-0.002290,-0.305304,0.015492,-0.023259,0.004012,0.119046,0.119097,0.000317,0.000000,0.003776,0.003776,0.000117,0.000581,0.000430,0.000329,0.000741
0.385204,0.187422,0.072526,2.446679,0.003919,0.015121,-0.001534,-0.321734,0.020616,-0.023605,0.009326,0.124774,0.124825,0.000307,0.000000,0.003837,0.003837,0.000114,0.000580,0.000430,0.000315,0.000741
0.387133,0.189164,0.073705,2.446679,0.003919,0.015121,-0.000789,-0.337535,0.025719,-0.023469,0.013336,0.130723,0.130774,0.000299,0.000000,0.003899,0.003899,0.000113,0.000579,0.000431,0.000309,0.000743
0.389092,0.190916,0.073579,2.446679,0.003919,0.015121,-0.000789,-0.352868,0.031105,-0.023035,0.016597,0.136935,0.136986,0.000337,0.000000,0.003963,0.003963,0.000123,0.000577,0.000432,0.000309,0.000747
0.390994,0.192564,0.074898,2.446679,0.003919,0.015121,-0.000075,-0.367707,0.036060,-0.023509,0.019008,0.143045,0.143096,0.000323,0.000000,0.004020,0.004020,0.000119,0.000574,0.000430,0.000302,0.000740
0.392897,0.194178,0.076406,2.446679,0.003919,0.015121,0.000732,-0.382831,0.040827,-0.026041,0.020499,0.149271,0.149322,0.000311,0.000000,0.004077,0.004077,0.000115,0.000583,0.000427,0.000447,0.000733
0.394849,0.195839,0.077919,2.446679,0.003919,0.015121,0.001451,-0.397640,0.045082,-0.027227,0.020901,0.155873,0.155924,0.000301,0.000000,0.004137,0.004137,0.000113,0.000583,0.000427,0.000359,0.000734
0.396797,0.197485,0.078144,2.446679,0.003919,0.015121,0.001451,-0.412016,0.048708,-0.028174,0.020267,0.162644,0.162694,0.000339,0.000000,0.004197,0.004197,0.000123,0.000582,0.000427,0.000326,0.000735
0.398753,0.199136,0.079842,2.446679,0.003919,0.015121,0.002201,-0.426002,0.051615,-0.029216,0.018964,0.169650,0.169700,0.000325,0.000000,0.004258,0.004258,0.000119,0.000580,0.000428,0.000313,0.000737
0.400699,0.200783,0.081282,2.446679,0.003919,0.015121,0.002679,-0.439384,0.053785,-0.030112,0.016993,0.176847,0.176898,0.000314,0.000000,0.004319,0.004319,0.000116,0.000578,0.000428,0.000308,0.000738
0.402578,0.202347,0.082682,2.446679,0.003919,0.015121,0.003118,-0.451995,0.055236,-0.030695,0.014810,0.183935,0.183986,0.000303,0.000000,0.004375,0.004375,0.000113,0.000575,0.000425,0.000300,0.000731
0.404509,0.203966,0.083164,2.446679,0.003919,0.015121,0.003118,-0.464434,0.056309,-0.031486,0.012685,0.191463,0.191514,0.000341,0.000000,0.004435,0.004435,0.000123,0.000572,0.000426,0.000301,0.000733
0.406442,0.205574,0.084719,2.446679,0.003919,0.015121,0.003630,-0.476374,0.057003,-0.031684,0.010676,0.199185,0.199236,0.000327,0.000000,0.004495,0.004495,0.000119,0.000570,0.000426,0.000302,0.000734
0.408417,0.207207,0.086021,2.446679,0.003919,0.015121,0.003896,-0.488194,0.057331,-0.032020,0.008667,0.207277,0.207328,0.000315,0.000000,0.004558,0.004558,0.000116,0.000568,0.000428,0.000305,0.000739
0.410369,0.208801,0.087036,2.446679,0.003919,0.015121,0.003951,-0.498758,0.057249,-0.029369,0.006665,0.215449,0.215500,0.000305,0.000000,0.004619,0.004619,0.000114,0.000565,0.000428,0.000304,0.000740
0.412318,0.210402,0.087653,2.446678,0.003919,0.015121,0.003951,-0.506580,0.056904,-0.020597,0.004801,0.223862,0.223912,0.000344,0.000000,0.004680,0.004680,0.000123,0.000563,0.000429,0.000304,0.000741
0.414207,0.212089,0.088175,2.446678,0.003919,0.015121,0.003681,-0.511182,0.056072,-0.012603,0.002639,0.232649,0.232700,0.000330,0.000000,0.004743,0.004743,0.000120,0.000562,0.000431,0.000307,0.000746
0.415988,0.213776,0.087875,2.446678,0.003919,0.015121,0.002890,-0.513468,0.054844,-0.006635,0.000294,0.241459,0.241510,0.000318,0.000000,0.004804,0.004804,0.000117,0.000560,0.000431,0.000305,0.000744
0.417564,0.215612,0.087522,2.446678,0.003919,0.015121,0.002257,-0.510644,0.052759,-0.001400,-0.002778,0.250532,0.250582,0.000307,0.000000,0.004865,0.004865,0.000114,0.000559,0.000431,0.000304,0.000744
0.418912,0.217494,0.087860,2.446678,0.003919,0.015121,0.002257,-0.503931,0.050475,0.003321,-0.005042,0.259474,0.259524,0.000344,0.000000,0.004921,0.004921,0.000123,0.000556,0.000428,0.000299,0.000735
0.420305,0.219495,0.088487,2.446678,0.003919,0.015121,0.002541,-0.496474,0.048352,0.006242,-0.006419,0.269122,0.269173,0.000330,0.000000,0.004983,0.004983,0.000119,0.000555,0.000429,0.000303,0.000739
0.421712,0.221470,0.089691,2.446677,0.003919,0.015121,0.003185,-0.490128,0.046628,0.006518,-0.006716,0.278963,0.279014,0.000318,0.000000,0.005045,0.005045,0.000116,0.000554,0.000430,0.000304,0.000741
0.423164,0.223437,0.090257,2.446677,0.003919,0.015121,0.003173,-0.484561,0.045157,0.007069,-0.006719,0.289125,0.289176,0.000308,0.000000,0.005107,0.005107,0.000114,0.000553,0.000431,0.000305,0.000744
0.424719,0.225351,0.090217,2.446677,0.003919,0.015121,0.002690,-0.480442,0.043839,0.009663,-0.006587,0.299612,0.299662,0.000299,0.000000,0.005170,0.005170,0.000113,0.000552,0.000432,0.000307,0.000747
0.426203,0.227139,0.090619,2.446677,0.003919,0.015121,0.002690,-0.476903,0.042778,0.011435,-0.006312,0.309724,0.309774,0.000335,0.000000,0.005226,0.005226,0.000122,0.000550,0.000428,0.000299,0.000736
0.427693,0.229047,0.090465,2.446677,0.003919,0.015121,0.002285,-0.471295,0.041835,0.015494,-0.005944,0.320516,0.320567,0.000322,0.000000,0.005287,0.005287,0.000118,0.000549,0.000428,0.000302,0.000737
0.429155,0.231027,0.090639,2.446677,0.003919,0.015121,0.002204,-0.463509,0.041052,0.021772,-0.005509,0.331749,0.331800,0.000312,0.000000,0.005349,0.005349,0.000116,0.000548,0.000430,0.000305,0.000742
0.430446,0.233108,0.089096,2.446677,0.003919,0.015121,0.000772,-0.452449,0.040316,0.026167,-0.005191,0.343146,0.343196,0.000302,0.000000,0.005410,0.005410,0.000114,0.000547,0.000430,0.000305,0.000743
0.431647,0.235278,0.089217,2.446677,0.003919,0.015121,0.000772,-0.440246,0.039774,0.026460,-0.004624,0.354887,0.354937,0.000341,0.000000,0.005473,0.005473,0.000124,0.000547,0.000431,0.000305,0.000744
0.432832,0.237470,0.089091,2.446677,0.003919,0.015121,0.000800,-0.429058,0.039458,0.023236,-0.003882,0.366938,0.366989,0.000327,0.000000,0.005535,0.005535,0.000120,0.000547,0.000432,0.000306,0.000746
0.433972,0.239532,0.089042,2.446677,0.003919,0.015121,0.000829,-0.419762,0.039527,0.020230,-0.002818,0.378608,0.378658,0.000314,0.000000,0.005591,0.005591,0.000116,0.000545,0.000428,0.000299,0.000736
0.435233,0.241678,0.088866,2.446677,0.003919,0.015121,0.000705,-0.411662,0.039786,0.017579,-0.001667,0.391247,0.391298,0.000305,0.000000,0.005654,0.005654,0.000114,0.000545,0.000430,0.000304,0.000741
0.436570,0.243710,0.088188,2.446677,0.003919,0.015121,0.000187,-0.405758,0.040293,0.017342,-0.000542,0.403931,0.403981,0.000297,0.000000,0.005714,0.005714,0.000112,0.000544,0.000429,0.000303,0.000740
0.437982,0.245735,0.088217,2.446677,0.003919,0.015121,0.000187,-0.400493,0.040917,0.019271,0.000456,0.417107,0.417158,0.000334,0.000000,0.005776,0.005776,0.000122,0.000544,0.000431,0.000305,0.000743
0.439394,0.247707,0.086704,2.446677,0.003919,0.015121,-0.000850,-0.395958,0.041786,0.020277,0.001523,0.430346,0.430396,0.000321,0.000000,0.005837,0.005837,0.000119,0.000543,0.000430,0.000304,0.000742
0.440822,0.249724,0.086139,2.446677,0.003919,0.015121,-0.000957,-0.391271,0.042702,0.020808,0.002438,0.444116,0.444166,0.000311,0.000000,0.005899,0.005899,0.000116,0.000543,0.000431,0.000306,0.000745
0.442172,0.251773,0.086007,2.446677,0.003919,0.015121,-0.000757,-0.386077,0.043672,0.019102,0.003102,0.458057,0.458107,0.000302,0.000000,0.005961,0.005961,0.000114,0.000543,0.000431,0.000305,0.000745
0.443422,0.253778,0.085893,2.446677,0.003919,0.015121,-0.000757,-0.380789,0.044680,0.016796,0.003682,0.471730,0.471780,0.000339,0.000000,0.006018,0.006018,0.000123,0.000541,0.000428,0.000300,0.000737
0.444713,0.255821,0.086709,2.446677,0.003919,0.015121,0.000064,-0.376226,0.045831,0.014263,0.004420,0.486009,0.486059,0.000325,0.000000,0.006077,0.006077,0.000119,0.000541,0.000428,0.000301,0.000736
0.446078,0.257849,0.087708,2.446677,0.003919,0.015121,0.000822,-0.373228,0.047736,0.011946,0.006224,0.500775,0.500826,0.000314,0.000000,0.006138,0.006138,0.000116,0.000540,0.000428,0.000303,0.000738
0.447485,0.259882,0.089094,2.446677,0.003919,0.015121,0.001713,-0.370441,0.049945,0.012150,0.008221,0.516025,0.516076,0.000305,0.000000,0.006201,0.006201,0.000114,0.000552,0.000430,0.000462,0.000742
0.448923,0.261877,0.089364,2.446677,0.003919,0.015121,0.001713,-0.369586,0.053156,0.008846,0.011158,0.531516,0.531567,0.000343,0.000000,0.006263,0.006263,0.000124,0.000555,0.000431,0.000367,0.000745
0.450368,0.263869,0.091166,2.446677,0.003919,0.015121,0.002706,-0.369058,0.057653,0.006699,0.015216,0.547327,0.547377,0.000329,0.000000,0.006326,0.006326,0.000120,0.000557,0.000432,0.000331,0.000746
0.451797,0.265877,0.093251,2.446677,0.003919,0.015121,0.003738,-0.368179,0.062797,0.005643,0.019245,0.563475,0.563525,0.000318,0.000000,0.006388,0.006388,0.000117,0.000558,0.000432,0.000317,0.000748
0.453185,0.267884,0.095424,2.446677,0.003919,0.015121,0.004660,-0.366592,0.068961,0.005816,0.024752,0.579765,0.579816,0.000308,0.000000,0.006449,0.006449,0.000115,0.000573,0.000432,0.000472,0.000746
0.454435,0.269995,0.096997,2.446678,0.003919,0.015121,0.004965,-0.363013,0.076999,0.003672,0.031166,0.596373,0.596423,0.000299,0.000000,0.006511,0.006511,0.000113,0.000574,0.000432,0.000369,0.000746
0.455444,0.272293,0.097775,2.446678,0.003919,0.015121,0.004965,-0.353567,0.086044,0.005552,0.036500,0.613345,0.613396,0.000337,0.000000,0.006572,0.006572,0.000123,0.000575,0.000432,0.000332,0.000746
0.456261,0.274696,0.097682,2.446679,0.003919,0.015121,0.004014,-0.339475,0.094351,0.010896,0.039376,0.630423,0.630473,0.000323,0.000000,0.006633,0.006633,0.000119,0.000574,0.000431,0.000315,0.000743
3.212370,-0.097430,0.096986,2.446679,0.322941,0.091903,0.002868,-0.320052,0.100448,0.015175,0.036973,0.194383,0.194433,0.000313,0.000000,0.000377,0.000377,0.000116,0.000574,0.000432,0.000311,0.000746
3.264028,-0.098160,0.094770,2.446679,0.322941,0.091903,0.000817,-0.299381,0.104062,0.019367,0.031539,0.195390,0.195444,0.000303,0.000000,0.000439,0.000439,0.000114,0.000572,0.000432,0.000307,0.000746
3.626348,-0.093593,0.094899,2.446678,0.366386,0.109255,0.000817,-0.278767,0.103404,0.022360,0.020701,0.184156,0.184216,0.000342,0.000000,0.000223,0.000223,0.000124,0.000571,0.000433,0.000308,0.000749
4.012750,-0.585776,0.092348,2.446678,0.456540,0.045218,-0.000941,-0.262679,0.099092,0.025182,0.008378,0.181263,0.181332,0.000327,0.000000,0.000165,0.000165,0.000120,0.000581,0.000431,0.000455,0.000741
4.083984,-0.595629,0.089954,2.446677,0.456540,0.045218,-0.002266,-0.251014,0.093226,0.025080,-0.002792,0.181544,0.181631,0.000316,0.000000,0.000228,0.000228,0.000117,0.000582,0.000432,0.000365,0.000745
4.280701,-0.777244,0.087899,2.446677,0.510861,0.009842,-0.003126,-0.245914,0.086109,0.023550,-0.011651,0.180529,0.180637,0.000306,0.000000,0.000168,0.000168,0.000115,0.000581,0.000432,0.000330,0.000745
4.301200,-0.669320,0.087428,2.446677,0.473841,0.048406,-0.003126,-0.243180,0.079401,0.021850,-0.017803,0.180168,0.180302,0.000343,0.000000,0.000144,0.000144,0.000124,0.000579,0.000429,0.000311,0.000737
4.374401,-0.681333,0.085564,2.446677,0.473841,0.048406,-0.003724,-0.243842,0.073050,0.019856,-0.021064,0.180285,0.180448,0.000328,0.000000,0.000205,0.000205,0.000120,0.000577,0.000429,0.000306,0.000738
4.410668,-0.626991,0.084646,2.446677,0.439949,0.080318,-0.003586,-0.246058,0.067505,0.017665,-0.022692,0.180138,0.180333,0.000315,0.000000,0.000158,0.000158,0.000116,0.000574,0.000426,0.000300,0.000731
4.496863,-0.693849,0.084170,2.446678,0.468109,0.041312,-0.003220,-0.249518,0.062498,0.016096,-0.023070,0.180094,0.180322,0.000305,0.000000,0.000141,0.000141,0.000114,0.000571,0.000426,0.000300,0.000731
4.570062,-0.709453,0.083660,2.446678,0.468109,0.041312,-0.003220,-0.253411,0.058102,0.014357,-0.022753,0.180155,0.180422,0.000344,0.000000,0.000204,0.000204,0.000124,0.000569,0.000428,0.000304,0.000738
4.611978,-0.685755,0.083923,2.446678,0.421876,0.073769,-0.002470,-0.258114,0.054012,0.012480,-0.022418,0.180141,0.180449,0.000329,0.000000,0.000159,0.000159,0.000119,0.000567,0.000428,0.000304,0.000740
4.688204,-0.725077,0.084552,2.446678,0.444469,0.040179,-0.001628,-0.262936,0.049865,0.010932,-0.022428,0.180146,0.180494,0.000318,0.000000,0.000143,0.000143,0.000117,0.000566,0.000431,0.000307,0.000745
4.757043,-0.741735,0.085292,2.446678,0.444469,0.040179,-0.000903,-0.267456,0.045968,0.010452,-0.022427,0.180184,0.180575,0.000308,0.000000,0.000205,0.000205,0.000115,0.000564,0.000431,0.000307,0.000747
4.804429,-0.730455,0.086184,2.446678,0.398758,0.074757,-0.000212,-0.271720,0.042102,0.009959,-0.022415,0.180191,0.180626,0.000299,0.000000,0.000160,0.000160,0.000113,0.000562,0.000431,0.000305,0.000745
4.870455,-0.761114,0.086152,2.446678,0.418536,0.041747,-0.000212,-0.275841,0.038703,0.009546,-0.022200,0.180200,0.180675,0.000335,0.000000,0.000141,0.000141,0.000122,0.000559,0.000428,0.000300,0.000737
4.932537,-0.776820,0.087197,2.446678,0.418536,0.041747,0.000429,-0.279778,0.035710,0.009169,-0.021207,0.180228,0.180744,0.000321,0.000000,0.000198,0.000198,0.000118,0.000557,0.000426,0.000298,0.000732
4.997685,-0.805419,0.087828,2.446678,0.426588,0.018992,0.000654,-0.283460,0.033133,0.009202,-0.019774,0.180239,0.180800,0.000311,0.000000,0.000157,0.000157,0.000115,0.000555,0.000427,0.000302,0.000736
5.047464,-0.807217,0.088346,2.446678,0.383331,0.048115,0.000789,-0.286923,0.031108,0.009390,-0.017779,0.180252,0.180860,0.000302,0.000000,0.000142,0.000142,0.000114,0.000554,0.000430,0.000306,0.000743
5.104143,-0.821171,0.088465,2.446678,0.383331,0.048115,0.000789,-0.290303,0.029746,0.009403,-0.015710,0.180277,0.180923,0.000339,0.000000,0.000199,0.000199,0.000123,0.000552,0.000427,0.000300,0.000734
5.165511,-0.849050,0.089231,2.446678,0.396586,0.021627,0.001118,-0.293332,0.028760,0.009717,-0.013484,0.180289,0.180977,0.000325,0.000000,0.000157,0.000157,0.000119,0.000551,0.000428,0.000302,0.000737
5.226297,-0.874402,0.089555,2.446678,0.399937,0.008893,0.001071,-0.296319,0.028191,0.009583,-0.011193,0.180302,0.181034,0.000315,0.000000,0.000142,0.000142,0.000116,0.000550,0.000430,0.000306,0.000743
5.283057,-0.895134,0.089690,2.446678,0.399937,0.008893,0.000932,-0.299415,0.028063,0.009262,-0.009074,0.180326,0.181098,0.000303,0.000000,0.000198,0.000198,0.000113,0.000548,0.000426,0.000299,0.000733
5.327303,-0.896981,0.089835,2.446678,0.353941,0.041948,0.000932,-0.302543,0.028178,0.008556,-0.007053,0.180339,0.181154,0.000342,0.000000,0.000157,0.000157,0.000123,0.000547,0.000427,0.000302,0.000737
5.370564,-0.900940,0.089907,2.446678,0.328573,0.059046,0.000811,-0.305662,0.028528,0.007997,-0.005266,0.180351,0.181201,0.000326,0.000000,0.000139,0.000139,0.000118,0.000545,0.000425,0.000297,0.000729
5.420052,-0.911831,0.089754,2.446678,0.328573,0.059046,0.000557,-0.308598,0.029084,0.007742,-0.003596,0.180373,0.181257,0.000314,0.000000,0.000197,0.000197,0.000115,0.000544,0.000423,0.000297,0.000727
5.473761,-0.936198,0.089706,2.446678,0.348458,0.033154,0.000451,-0.311430,0.029765,0.007620,-0.002143,0.180383,0.181301,0.000303,0.000000,0.000155,0.000155,0.000112,0.000542,0.000421,0.000295,0.000722
5.518809,-0.940408,0.089778,2.446678,0.320804,0.054274,0.000451,-0.314171,0.030661,0.007534,-0.000687,0.180396,0.181352,0.000341,0.000000,0.000141,0.000141,0.000122,0.000542,0.000424,0.000302,0.000732
5.566412,-0.951876,0.089558,2.446678,0.320804,0.054274,0.000246,-0.316973,0.031645,0.007247,0.000613,0.180418,0.181406,0.000326,0.000000,0.000197,0.000197,0.000118,0.000540,0.000422,0.000298,0.000727
5.608768,-0.954856,0.089182,2.446678,0.297678,0.068776,-0.000041,-0.319815,0.032672,0.006806,0.001587,0.180431,0.181453,0.000315,0.000000,0.000157,0.000157,0.000115,0.000540,0.000425,0.000302,0.000733
5.651624,-0.958109,0.088866,2.446678,0.282874,0.077855,-0.000226,-0.322834,0.033647,0.005702,0.002271,0.180442,0.181497,0.000305,0.000000,0.000142,0.000142,0.000113,0.000540,0.000427,0.000306,0.000740
5.696072,-0.964725,0.088831,2.446678,0.282874,0.077855,-0.000226,-0.325836,0.034501,0.004833,0.002603,0.180464,0.181548,0.000343,0.000000,0.000201,0.000201,0.000123,0.000539,0.000427,0.000303,0.000738
5.736241,-0.967123,0.088567,2.446678,0.269482,0.083661,-0.000334,-0.328698,0.035238,0.004309,0.002752,0.180475,0.181588,0.000329,0.000000,0.000158,0.000158,0.000119,0.000539,0.000427,0.000303,0.000738
5.777480,-0.970193,0.088309,2.446678,0.260746,0.085376,-0.000429,-0.331246,0.035883,0.004140,0.002748,0.180486,0.181629,0.000317,0.000000,0.000143,0.000143,0.000116,0.000540,0.000430,0.000306,0.000744
5.820115,-0.974288,0.088161,2.446678,0.260746,0.085376,-0.000433,-0.333578,0.036440,0.004199,0.002689,0.180509,0.181678,0.000307,0.000000,0.000204,0.000204,0.000114,0.000540,0.000431,0.000306,0.000745
5.867006,-0.995952,0.087813,2.446678,0.286918,0.051424,-0.000609,-0.335882,0.036851,0.004072,0.002491,0.180518,0.181713,0.000297,0.000000,0.000158,0.000158,0.000112,0.000538,0.000428,0.000300,0.000736
5.904348,-0.998544,0.087721,2.446678,0.268400,0.064051,-0.000609,-0.338199,0.037111,0.003888,0.002144,0.180529,0.181751,0.000333,0.000000,0.000140,0.000140,0.000121,0.000537,0.000426,0.000298,0.000731
5.947453,-1.006375,0.087454,2.446678,0.268400,0.064051,-0.000685,-0.340566,0.037271,0.003394,0.001736,0.180552,0.181800,0.000321,0.000000,0.000203,0.000203,0.000118,0.000538,0.000428,0.000304,0.000738
5.983667,-1.008081,0.087371,2.446678,0.251195,0.072999,-0.000615,-0.343073,0.037204,0.002705,0.001122,0.180563,0.181837,0.000310,0.000000,0.000159,0.000159,0.000115,0.000549,0.000428,0.000455,0.000737
6.020607,-1.010321,0.087405,2.446678,0.240104,0.077551,-0.000481,-0.345721,0.036981,0.001621,0.000436,0.180575,0.181873,0.000302,0.000000,0.000142,0.000142,0.000113,0.000552,0.000429,0.000364,0.000741
6.058088,-1.014358,0.087333,2.446678,0.240104,0.077551,-0.000481,-0.348068,0.036493,0.001156,-0.000411,0.180596,0.181915,0.000338,0.000000,0.000199,0.000199,0.000122,0.000552,0.000426,0.000324,0.000733
6.097616,-1.018327,0.087573,2.446678,0.240104,0.077551,-0.000236,-0.350192,0.035856,0.001018,-0.001337,0.180627,0.181968,0.000325,0.000000,0.000261,0.000261,0.000119,0.000554,0.000428,0.000314,0.000738
6.137594,-1.022045,0.087748,2.446678,0.240104,0.077551,-0.000094,-0.352047,0.035041,0.000857,-0.002183,0.180669,0.182034,0.000314,0.000000,0.000325,0.000325,0.000116,0.000554,0.000430,0.000311,0.000745
6.175242,-1.025568,0.087991,2.446678,0.240104,0.077551,0.000074,-0.353836,0.034133,0.000521,-0.002898,0.180723,0.182109,0.000303,0.000000,0.000381,0.000381,0.000113,0.000553,0.000427,0.000302,0.000736
6.203991,-1.025593,0.088003,2.446678,0.221674,0.077221,0.000074,-0.355744,0.033166,-0.000270,-0.003537,0.180713,0.182122,0.000342,0.000000,0.000210,0.000210,0.000123,0.000552,0.000428,0.000303,0.000738
6.240630,-1.028242,0.088383,2.446678,0.221674,0.077221,0.000307,-0.357626,0.031989,-0.000690,-0.004314,0.180758,0.182186,0.000328,0.000000,0.000272,0.000272,0.000119,0.000564,0.000429,0.000460,0.000740
6.277381,-1.030861,0.088780,2.446678,0.221674,0.077221,0.000513,-0.359739,0.030811,-0.001800,-0.004985,0.180814,0.182261,0.000316,0.000000,0.000334,0.000334,0.000116,0.000566,0.000430,0.000366,0.000743
6.313885,-1.033368,0.089201,2.446678,0.221674,0.077221,0.000707,-0.361646,0.029486,-0.002214,-0.005663,0.180885,0.182352,0.000306,0.000000,0.000395,0.000395,0.000114,0.000567,0.000430,0.000330,0.000743
6.350402,-1.035759,0.089312,2.446678,0.221674,0.077221,0.000707,-0.363369,0.028262,-0.002356,-0.006016,0.180973,0.182459,0.000345,0.000000,0.000456,0.000456,0.000124,0.000567,0.000430,0.000315,0.000743
6.387073,-1.037932,0.089713,2.446678,0.221674,0.077221,0.000851,-0.364866,0.027134,-0.002528,-0.006057,0.181083,0.182588,0.000330,0.000000,0.000517,0.000517,0.000120,0.000566,0.000431,0.000309,0.000743
6.422207,-1.039986,0.090146,2.446678,0.221674,0.077221,0.001010,-0.365824,0.026214,-0.001309,-0.005905,0.181210,0.182734,0.000317,0.000000,0.000574,0.000574,0.000116,0.000564,0.000428,0.000301,0.000735
6.458916,-1.041895,0.090147,2.446678,0.221674,0.077221,0.000810,-0.366474,0.025253,-0.000306,-0.005836,0.181369,0.182912,0.000307,0.000000,0.000635,0.000635,0.000114,0.000562,0.000428,0.000303,0.000738
6.495808,-1.043684,0.090274,2.446678,0.221674,0.077221,0.000810,-0.367236,0.024029,-0.000675,-0.006287,0.181559,0.183122,0.000346,0.000000,0.000697,0.000697,0.000124,0.000561,0.000430,0.000305,0.000741
6.532866,-1.045305,0.089683,2.446678,0.221674,0.077221,0.000232,-0.368351,0.022592,-0.002730,-0.007034,0.181783,0.183366,0.000331,0.000000,0.000760,0.000760,0.000120,0.000560,0.000431,0.000306,0.000744
6.570423,-1.046087,0.088872,2.446678,0.221674,0.077221,-0.000383,-0.369310,0.020192,-0.006100,-0.009134,0.182047,0.183650,0.000319,0.000000,0.000824,0.000824,0.000117,0.000559,0.000433,0.000308,0.000749
6.607388,-1.046245,0.088237,2.446678,0.221674,0.077221,-0.000732,-0.370176,0.017376,-0.009462,-0.011635,0.182346,0.183968,0.000309,0.000000,0.000885,0.000885,0.000115,0.000558,0.000433,0.000307,0.000748
6.644240,-1.044395,0.088753,2.446678,0.221674,0.077221,-0.000119,-0.369285,0.012998,-0.011689,-0.015818,0.182684,0.184325,0.000300,0.000000,0.000946,0.000946,0.000113,0.000557,0.000432,0.000305,0.000746
6.532351,-1.084435,0.088735,2.446678,0.125984,0.004056,-0.000119,-0.366747,0.008149,-0.014645,-0.018882,0.181866,0.183527,0.000338,0.000000,0.000286,0.000286,0.000123,0.000555,0.000432,0.000305,0.000746
6.551595,-1.084567,0.090892,2.446678,0.125984,0.004056,0.001556,-0.363300,0.004169,-0.016346,-0.019581,0.181989,0.183650,0.000325,0.000000,0.000348,0.000348,0.000119,0.000554,0.000432,0.000305,0.000746
6.524950,-1.074831,0.093390,2.446678,0.085512,-0.002422,0.003118,-0.359648,0.001688,-0.017517,-0.017583,0.181857,0.183517,0.000313,0.000000,0.000202,0.000202,0.000116,0.000553,0.000432,0.000305,0.000746
6.517789,-1.065240,0.095091,2.446677,0.063405,-0.001375,0.003738,-0.356572,0.002250,-0.018115,-0.011001,0.181831,0.183484,0.000304,0.000000,0.000159,0.000159,0.000114,0.000553,0.000433,0.000306,0.000747
6.526987,-1.065236,0.095653,2.446677,0.063405,-0.001375,0.003738,-0.355738,0.004786,-0.018581,-0.004104,0.181882,0.183527,0.000341,0.000000,0.000216,0.000216,0.000123,0.000550,0.000429,0.000300,0.000737
6.526063,-1.061745,0.097259,2.446677,0.048980,-0.000012,0.004215,-0.356303,0.007582,-0.018397,0.000996,0.181875,0.183511,0.000327,0.000000,0.000163,0.000163,0.000119,0.000549,0.000428,0.000300,0.000736
6.521247,-1.060928,0.098886,2.446677,0.031597,-0.002183,0.004684,-0.358474,0.009712,-0.018402,0.002963,0.181879,0.183507,0.000314,0.000000,0.000142,0.000142,0.000116,0.000547,0.000426,0.000298,0.000731
6.525598,-1.062692,0.100287,2.446677,0.031597,-0.002183,0.004938,-0.361049,0.011306,-0.018565,0.003618,0.181912,0.183529,0.000303,0.000000,0.000198,0.000198,0.000113,0.000545,0.000424,0.000296,0.000726
6.523503,-1.064181,0.101067,2.446677,0.020310,-0.004518,0.004938,-0.364402,0.012258,-0.018211,0.003161,0.181921,0.183527,0.000342,0.000000,0.000158,0.000158,0.000123,0.000545,0.000426,0.000302,0.000734
6.523413,-1.065181,0.101526,2.446677,0.014545,-0.003809,0.004474,-0.367734,0.012854,-0.017213,0.002496,0.181931,0.183527,0.000328,0.000000,0.000141,0.000141,0.000119,0.000544,0.000427,0.000303,0.000736
6.525188,-1.067335,0.102721,2.446677,0.014545,-0.003809,0.004732,-0.370995,0.013052,-0.015911,0.001651,0.181957,0.183543,0.000315,0.000000,0.000200,0.000200,0.000116,0.000543,0.000426,0.000300,0.000733
6.525736,-1.067084,0.103688,2.446677,0.010380,-0.000217,0.004763,-0.374257,0.013021,-0.015249,0.000727,0.181968,0.183543,0.000305,0.000000,0.000158,0.000158,0.000113,0.000542,0.000427,0.000303,0.000737
6.528262,-1.067621,0.104416,2.446677,0.012002,0.002385,0.004763,-0.377243,0.012858,-0.013869,0.000114,0.181978,0.183545,0.000343,0.000000,0.000140,0.000140,0.000123,0.000541,0.000426,0.000301,0.000734
6.530000,-1.068803,0.105277,2.446677,0.012002,0.002385,0.004776,-0.380633,0.012987,-0.014155,0.000362,0.182002,0.183560,0.000328,0.000000,0.000198,0.000198,0.000118,0.000551,0.000425,0.000448,0.000731
6.533325,-1.069029,0.106056,2.446677,0.014358,0.005727,0.004724,-0.383374,0.013444,-0.011868,0.001134,0.182012,0.183563,0.000316,0.000000,0.000157,0.000157,0.000115,0.000554,0.000426,0.000360,0.000733
6.536328,-1.069056,0.106711,2.446677,0.014942,0.008257,0.004581,-0.386389,0.014609,-0.010884,0.002799,0.182024,0.183568,0.000306,0.000000,0.000142,0.000142,0.000114,0.000556,0.000428,0.000330,0.000741
6.538901,-1.069626,0.107062,2.446677,0.014942,0.008257,0.004246,-0.389425,0.016052,-0.010585,0.004566,0.182047,0.183585,0.000298,0.000000,0.000204,0.000204,0.000112,0.000557,0.000430,0.000316,0.000743
6.540977,-1.069713,0.107697,2.446677,0.013782,0.008916,0.004246,-0.392532,0.018125,-0.010954,0.006715,0.182057,0.183590,0.000334,0.000000,0.000158,0.000158,0.000121,0.000569,0.000426,0.000458,0.000734
6.543424,-1.070004,0.108090,2.446677,0.013782,0.008916,0.004067,-0.395538,0.020557,-0.010891,0.008845,0.182082,0.183610,0.000321,0.000000,0.000219,0.000219,0.000118,0.000571,0.000427,0.000364,0.000737
6.545895,-1.070183,0.107905,2.446677,0.013782,0.008916,0.003463,-0.398485,0.023632,-0.011099,0.011221,0.182117,0.183641,0.000311,0.000000,0.000281,0.000281,0.000115,0.000572,0.000429,0.000330,0.000740
6.548411,-1.070261,0.107628,2.446677,0.013782,0.008916,0.002902,-0.401389,0.026729,-0.011434,0.013157,0.182165,0.183684,0.000302,0.000000,0.000344,0.000344,0.000114,0.000573,0.000431,0.000317,0.000745
6.550606,-1.074009,0.108079,2.446677,0.015903,0.002509,0.002902,-0.403999,0.030353,-0.011497,0.015282,0.182163,0.183679,0.000340,0.000000,0.000201,0.000201,0.000123,0.000571,0.000430,0.000309,0.000743
6.553040,-1.074949,0.107325,2.446677,0.015903,0.002509,0.002131,-0.406345,0.034853,-0.011120,0.018123,0.182204,0.183716,0.000327,0.000000,0.000264,0.000264,0.000119,0.000570,0.000431,0.000308,0.000746
6.555067,-1.077488,0.106881,2.446677,0.016395,-0.000405,0.001727,-0.408515,0.039455,-0.010659,0.020494,0.182208,0.183716,0.000315,0.000000,0.000179,0.000179,0.000116,0.000569,0.000432,0.000306,0.000745
6.557209,-1.079116,0.106369,2.446677,0.016246,-0.001019,0.001303,-0.410712,0.045007,-0.010424,0.023479,0.182219,0.183724,0.000306,0.000000,0.000151,0.000151,0.000115,0.000568,0.000433,0.000308,0.000749
6.559496,-1.080533,0.105937,2.446677,0.016246,-0.001019,0.000992,-0.412965,0.050363,-0.010600,0.025719,0.182249,0.183751,0.000298,0.000000,0.000215,0.000215,0.000113,0.000566,0.000435,0.000309,0.000752
6.562256,-1.079500,0.106091,2.446677,0.015331,0.003905,0.000992,-0.415288,0.055854,-0.010623,0.027373,0.182258,0.183757,0.000336,0.000000,0.000163,0.000163,0.000123,0.000564,0.000433,0.000305,0.000747
6.564543,-1.080760,0.105795,2.446677,0.015571,0.002843,0.000841,-0.417682,0.061207,-0.010342,0.028073,0.182269,0.183766,0.000322,0.000000,0.000143,0.000143,0.000119,0.000562,0.000432,0.000304,0.000744
6.566916,-1.081671,0.105903,2.446677,0.015571,0.002843,0.000985,-0.419834,0.066105,-0.009357,0.028066,0.182294,0.183789,0.000312,0.000000,0.000205,0.000205,0.000116,0.000561,0.000432,0.000304,0.000745
6.570879,-1.079626,0.106059,2.446677,0.016143,0.009999,0.001092,-0.421801,0.070915,-0.008430,0.027878,0.182305,0.183798,0.000303,0.000000,0.000160,0.000160,0.000114,0.000559,0.000433,0.000306,0.000747
6.574821,-1.077918,0.106230,2.446677,0.016806,0.014140,0.001092,-0.423528,0.075146,-0.007428,0.027296,0.182316,0.183808,0.000341,0.000000,0.000143,0.000143,0.000124,0.000558,0.000433,0.000306,0.000747
6.578124,-1.077231,0.106431,2.446677,0.016806,0.014140,0.001189,-0.425460,0.079291,-0.007597,0.026663,0.182340,0.183830,0.000328,0.000000,0.000205,0.000205,0.000120,0.000569,0.000433,0.000464,0.000748
6.581423,-1.076571,0.106975,2.446677,0.016806,0.014140,0.001509,-0.426972,0.082875,-0.006201,0.025486,0.182372,0.183861,0.000316,0.000000,0.000268,0.000268,0.000117,0.000570,0.000434,0.000368,0.000749
6.584551,-1.075990,0.107570,2.446677,0.016806,0.014140,0.001791,-0.428546,0.085720,-0.005496,0.023653,0.182413,0.183901,0.000305,0.000000,0.000324,0.000324,0.000114,0.000569,0.000430,0.000325,0.000738
6.587803,-1.075366,0.107848,2.446677,0.016806,0.014140,0.001791,-0.430135,0.088016,-0.005064,0.021420,0.182470,0.183957,0.000343,0.000000,0.000384,0.000384,0.000124,0.000569,0.000429,0.000312,0.000738
6.590791,-1.079410,0.108524,2.446677,0.019545,0.006854,0.002061,-0.431543,0.089775,-0.004265,0.018917,0.182460,0.183946,0.000329,0.000000,0.000211,0.000211,0.000120,0.000568,0.000430,0.000309,0.000741
6.594305,-1.081820,0.109170,2.446677,0.021350,0.004151,0.002254,-0.432706,0.091024,-0.003554,0.016365,0.182466,0.183952,0.000317,0.000000,0.000162,0.000162,0.000117,0.000567,0.000431,0.000307,0.000743
6.597507,-1.082778,0.110187,2.446677,0.021350,0.004151,0.002708,-0.433563,0.091790,-0.002751,0.013929,0.182499,0.183984,0.000306,0.000000,0.000221,0.000221,0.000114,0.000564,0.000429,0.000302,0.000738
6.600562,-1.084588,0.111071,2.446676,0.021619,0.002470,0.002955,-0.434355,0.092085,-0.002831,0.011311,0.182507,0.183991,0.000298,0.000000,0.000166,0.000166,0.000113,0.000575,0.000430,0.000460,0.000741
6.603702,-1.086205,0.111540,2.446676,0.021758,0.001579,0.002955,-0.434631,0.091977,-0.001419,0.008735,0.182518,0.184001,0.000336,0.000000,0.000146,0.000146,0.000123,0.000577,0.000431,0.000367,0.000746
6.606927,-1.087510,0.112650,2.446676,0.021758,0.001579,0.003345,-0.434813,0.091246,-0.000427,0.005856,0.182546,0.184028,0.000323,0.000000,0.000209,0.000209,0.000119,0.000578,0.000433,0.000332,0.000749
6.609493,-1.088487,0.114012,2.446675,0.020239,0.001692,0.003865,-0.434986,0.089833,0.000529,0.002744,0.182556,0.184038,0.000313,0.000000,0.000162,0.000162,0.000117,0.000577,0.000433,0.000318,0.000750
6.612492,-1.089725,0.115394,2.446675,0.020239,0.001692,0.004303,-0.435184,0.088121,0.001284,-0.000053,0.182585,0.184066,0.000304,0.000000,0.000225,0.000225,0.000115,0.000576,0.000434,0.000312,0.000751
6.615447,-1.090958,0.116064,2.446675,0.020239,0.001692,0.004303,-0.435393,0.086207,0.001821,-0.002581,0.182622,0.184103,0.000342,0.000000,0.000286,0.000286,0.000124,0.000574,0.000433,0.000307,0.000748
6.618380,-1.092197,0.117448,2.446674,0.020239,0.001692,0.004690,-0.435604,0.083814,0.002316,-0.005112,0.182672,0.184152,0.000328,0.000000,0.000346,0.000346,0.000120,0.000572,0.000432,0.000305,0.000745
6.619157,-1.092444,0.118787,2.446674,0.016079,0.001640,0.004982,-0.435659,0.081001,0.002836,-0.007485,0.182668,0.184149,0.000316,0.000000,0.000202,0.000202,0.000117,0.000570,0.000433,0.000305,0.000746
6.620531,-1.093460,0.120027,2.446673,0.014452,0.000774,0.005155,-0.435504,0.078112,0.003601,-0.009451,0.182677,0.184157,0.000307,0.000000,0.000160,0.000160,0.000115,0.000569,0.000434,0.000307,0.000749
6.622566,-1.094384,0.120995,2.446673,0.014452,0.000774,0.005131,-0.435228,0.075085,0.004204,-0.011125,0.182708,0.184187,0.000297,0.000000,0.000218,0.000218,0.000113,0.000566,0.000431,0.000302,0.000742
6.623942,-1.095555,0.121792,2.446673,0.013446,-0.000184,0.005131,-0.434840,0.072029,0.004818,-0.012679,0.182717,0.184195,0.000335,0.000000,0.000164,0.000164,0.000123,0.000564,0.000431,0.000303,0.000742
6.625309,-1.097001,0.122854,2.446672,0.012926,-0.001425,0.005235,-0.434381,0.068885,0.005274,-0.013845,0.182727,0.184206,0.000322,0.000000,0.000144,0.000144,0.000119,0.000562,0.000430,0.000303,0.000740
6.626999,-1.098107,0.123382,2.446672,0.012926,-0.001425,0.004923,-0.433849,0.065726,0.005622,-0.014757,0.182753,0.184230,0.000310,0.000000,0.000202,0.000202,0.000116,0.000559,0.000429,0.000301,0.000737
6.628414,-1.099549,0.123902,2.446672,0.012557,-0.002311,0.004668,-0.433148,0.062624,0.006170,-0.015365,0.182764,0.184241,0.000302,0.000000,0.000159,0.000159,0.000114,0.000558,0.000430,0.000305,0.000742
6.629649,-1.101031,0.124638,2.446671,0.012001,-0.003206,0.004668,-0.432282,0.059500,0.006817,-0.015844,0.182775,0.184252,0.000340,0.000000,0.000143,0.000143,0.000124,0.000557,0.000431,0.000306,0.000744
6.631165,-1.102357,0.124560,2.446671,0.012001,-0.003206,0.004059,-0.431310,0.056648,0.007494,-0.016054,0.182800,0.184276,0.000327,0.000000,0.000207,0.000207,0.000120,0.000556,0.000433,0.000308,0.000749
6.632044,-1.103734,0.124901,2.446671,0.010794,-0.003916,0.003897,-0.430252,0.053706,0.008198,-0.016365,0.182811,0.184287,0.000316,0.000000,0.000161,0.000161,0.000117,0.000555,0.000433,0.000308,0.000750
6.632649,-1.104920,0.124745,2.446671,0.009458,-0.004324,0.003383,-0.429127,0.051205,0.008996,-0.016173,0.182821,0.184297,0.000305,0.000000,0.000141,0.000141,0.000114,0.000553,0.000430,0.000300,0.000739
6.633709,-1.106192,0.125275,2.446671,0.009458,-0.004324,0.003383,-0.427791,0.048711,0.009510,-0.015836,0.182844,0.184319,0.000344,0.000000,0.000202,0.000202,0.000124,0.000552,0.000430,0.000303,0.000741
6.633787,-1.107340,0.124862,2.446671,0.007283,-0.005011,0.002794,-0.426397,0.046500,0.009776,-0.015285,0.182856,0.184330,0.000330,0.000000,0.000159,0.000159,0.000120,0.000551,0.000431,0.000305,0.000744
6.633950,-1.108442,0.124244,2.446670,0.006130,-0.005387,0.002148,-0.424918,0.044513,0.010112,-0.014626,0.182866,0.184340,0.000317,0.000000,0.000141,0.000141,0.000116,0.000549,0.000429,0.000300,0.000737
6.634452,-1.109590,0.123431,2.446670,0.006130,-0.005387,0.001448,-0.423485,0.042683,0.010395,-0.013889,0.182888,0.184362,0.000305,0.000000,0.000197,0.000197,0.000114,0.000547,0.000426,0.000298,0.000731
6.634418,-1.111023,0.123646,2.446670,0.005304,-0.006460,0.001448,-0.422136,0.041131,0.010730,-0.012984,0.182897,0.184371,0.000342,0.000000,0.000155,0.000155,0.000122,0.000545,0.000423,0.000295,0.000725
6.634531,-1.112727,0.122917,2.446670,0.005197,-0.007470,0.000958,-0.420632,0.039720,0.011536,-0.012094,0.182909,0.184382,0.000328,0.000000,0.000141,0.000141,0.000119,0.000544,0.000425,0.000301,0.000732
6.634782,-1.114207,0.121548,2.446670,0.005197,-0.007470,0.000022,-0.419014,0.038615,0.012638,-0.010904,0.182931,0.184404,0.000316,0.000000,0.000203,0.000203,0.000116,0.000544,0.000427,0.000304,0.000737
6.634626,-1.115985,0.120175,2.446670,0.004727,-0.008661,-0.000764,-0.417541,0.037875,0.012545,-0.009549,0.182941,0.184414,0.000305,0.000000,0.000157,0.000157,0.000113,0.000553,0.000424,0.000446,0.000730
6.634464,-1.117587,0.118575,2.446670,0.004113,-0.008924,-0.001612,-0.415657,0.037289,0.013075,-0.008222,0.182953,0.184425,0.000297,0.000000,0.000142,0.000142,0.000112,0.000557,0.000427,0.000362,0.000739
6.634487,-1.119149,0.118321,2.446670,0.004113,-0.008924,-0.001612,-0.413556,0.036972,0.013408,-0.006875,0.182976,0.184448,0.000335,0.000000,0.000205,0.000205,0.000122,0.000558,0.000429,0.000330,0.000743
6.634232,-1.120867,0.116497,2.446670,0.003667,-0.009529,-0.002470,-0.411382,0.036849,0.013774,-0.005607,0.182987,0.184459,0.000323,0.000000,0.000160,0.000160,0.000118,0.000559,0.000430,0.000316,0.000745
6.633808,-1.122624,0.114566,2.446669,0.003076,-0.010249,-0.003310,-0.409059,0.037021,0.014393,-0.004216,0.182998,0.184469,0.000311,0.000000,0.000142,0.000142,0.000115,0.000559,0.000430,0.000308,0.000742
6.633618,-1.124229,0.112456,2.446669,0.003076,-0.010249,-0.004194,-0.406857,0.037523,0.014794,-0.002697,0.183019,0.184490,0.000301,0.000000,0.000198,0.000198,0.000113,0.000557,0.000427,0.000300,0.000734
6.633072,-1.125811,0.111804,2.446669,0.002260,-0.010381,-0.004194,-0.404711,0.038208,0.014917,-0.001244,0.183030,0.184501,0.000339,0.000000,0.000157,0.000157,0.000123,0.000556,0.000427,0.000302,0.000735
6.632761,-1.127407,0.109648,2.446669,0.002260,-0.010381,-0.004973,-0.402758,0.039008,0.014851,0.000060,0.183055,0.184525,0.000324,0.000000,0.000214,0.000214,0.000118,0.000565,0.000425,0.000446,0.000730
6.632111,-1.128785,0.107575,2.446669,0.001335,-0.010031,-0.005571,-0.400639,0.040051,0.014985,0.001351,0.183066,0.184536,0.000313,0.000000,0.000164,0.000164,0.000116,0.000568,0.000428,0.000362,0.000738
6.631659,-1.130262,0.105387,2.446669,0.001214,-0.009851,-0.006213,-0.398330,0.041296,0.015534,0.002566,0.183078,0.184548,0.000304,0.000000,0.000145,0.000145,0.000114,0.000569,0.000430,0.000330,0.000743
6.631246,-1.131718,0.104455,2.446668,0.001214,-0.009851,-0.006213,-0.395993,0.042540,0.016323,0.003546,0.183100,0.184570,0.000341,0.000000,0.000201,0.000201,0.000123,0.000567,0.000427,0.000310,0.000735
6.630824,-1.133221,0.102475,2.446668,0.001214,-0.009851,-0.006646,-0.393341,0.043988,0.017253,0.004554,0.183132,0.184601,0.000327,0.000000,0.000262,0.000262,0.000119,0.000566,0.000427,0.000306,0.000736
6.630401,-1.134735,0.100410,2.446668,0.001214,-0.009851,-0.007114,-0.390755,0.045417,0.017509,0.005393,0.183175,0.184644,0.000316,0.000000,0.000323,0.000323,0.000116,0.000565,0.000428,0.000305,0.000739
6.629923,-1.135557,0.098544,2.446668,0.000618,-0.008718,-0.007378,-0.388300,0.046995,0.016787,0.006174,0.183177,0.184646,0.000306,0.000000,0.000196,0.000196,0.000114,0.000564,0.000430,0.000306,0.000742
6.629508,-1.136820,0.097423,2.446668,0.000618,-0.008718,-0.007378,-0.385780,0.048548,0.016779,0.006749,0.183214,0.184683,0.000343,0.000000,0.000254,0.000254,0.000123,0.000574,0.000428,0.000453,0.000737
6.629592,-1.137786,0.095471,2.446668,0.001230,-0.007762,-0.007732,-0.383238,0.050037,0.016535,0.007040,0.183220,0.184689,0.000330,0.000000,0.000177,0.000177,0.000119,0.000576,0.000430,0.000365,0.000743
6.629888,-1.139042,0.093931,2.446667,0.002269,-0.007400,-0.007739,-0.380571,0.051370,0.017042,0.007143,0.183231,0.184700,0.000318,0.000000,0.000150,0.000150,0.000117,0.000576,0.000432,0.000331,0.000747
6.629785,-1.140213,0.092618,2.446667,0.002269,-0.007400,-0.007659,-0.377961,0.052569,0.017801,0.007128,0.183258,0.184727,0.000306,0.000000,0.000206,0.000206,0.000114,0.000574,0.000428,0.000311,0.000737
6.629679,-1.141419,0.091476,2.446667,0.002269,-0.007400,-0.007470,-0.375328,0.053689,0.018400,0.006934,0.183294,0.184763,0.000297,0.000000,0.000266,0.000266,0.000112,0.000572,0.000428,0.000305,0.000736
6.629573,-1.142651,0.090303,2.446667,0.002269,-0.007400,-0.007470,-0.372763,0.054692,0.018465,0.006651,0.183343,0.184811,0.000335,0.000000,0.000328,0.000328,0.000122,0.000571,0.000429,0.000305,0.000739
6.629476,-1.143857,0.089190,2.446667,0.002269,-0.007400,-0.007376,-0.370102,0.055563,0.018590,0.006263,0.183405,0.184873,0.000322,0.000000,0.000388,0.000388,0.000118,0.000569,0.000428,0.000303,0.000738
6.629384,-1.145036,0.088571,2.446667,0.002269,-0.007400,-0.006938,-0.367520,0.056247,0.018538,0.005787,0.183482,0.184951,0.000310,0.000000,0.000445,0.000445,0.000115,0.000578,0.000426,0.000449,0.000733
6.629297,-1.146234,0.087498,2.446667,0.002269,-0.007400,-0.006938,-0.364501,0.056747,0.019230,0.005093,0.183581,0.185049,0.000349,0.000000,0.000505,0.000505,0.000125,0.000578,0.000427,0.000360,0.000734
6.629213,-1.147458,0.087296,2.446668,0.002269,-0.007400,-0.006314,-0.361347,0.056996,0.019746,0.004170,0.183705,0.185173,0.000334,0.000000,0.000568,0.000568,0.000120,0.000578,0.000428,0.000329,0.000740
6.629130,-1.148687,0.087255,2.446668,0.002269,-0.007400,-0.005673,-0.358334,0.057050,0.019874,0.003232,0.183856,0.185325,0.000321,0.000000,0.000630,0.000630,0.000117,0.000578,0.000430,0.000316,0.000744
6.629047,-1.149923,0.087364,2.446668,0.002269,-0.007400,-0.005019,-0.355444,0.056973,0.019904,0.002360,0.184038,0.185506,0.000311,0.000000,0.000693,0.000693,0.000115,0.000576,0.000432,0.000311,0.000747
6.628965,-1.151147,0.087756,2.446668,0.002269,-0.007400,-0.004260,-0.352638,0.056679,0.020057,0.001429,0.184250,0.185718,0.000302,0.000000,0.000755,0.000755,0.000113,0.000575,0.000432,0.000308,0.000746
6.628890,-1.152332,0.087111,2.446668,0.002269,-0.007400,-0.004260,-0.349659,0.056200,0.020924,0.000497,0.184489,0.185957,0.000338,0.000000,0.000813,0.000813,0.000122,0.000572,0.000429,0.000302,0.000739
6.628818,-1.153547,0.087700,2.446668,0.002269,-0.007400,-0.003546,-0.346694,0.055626,0.020858,-0.000357,0.184772,0.186240,0.000325,0.000000,0.000873,0.000873,0.000119,0.000581,0.000429,0.000457,0.000740
6.628755,-1.154766,0.088321,2.446668,0.002269,-0.007400,-0.002891,-0.343303,0.054801,0.021562,-0.001358,0.185099,0.186567,0.000314,0.000000,0.000935,0.000935,0.000116,0.000582,0.000430,0.000364,0.000742
6.628694,-1.155992,0.089153,2.446668,0.002269,-0.007400,-0.002149,-0.339859,0.053866,0.022115,-0.002369,0.185473,0.186941,0.000304,0.000000,0.000998,0.000998,0.000114,0.000582,0.000431,0.000331,0.000745
6.628640,-1.157216,0.088813,2.446668,0.002269,-0.007400,-0.002149,-0.336340,0.052765,0.022418,-0.003297,0.185895,0.187362,0.000343,0.000000,0.001060,0.001060,0.000124,0.000581,0.000432,0.000317,0.000747
6.628591,-1.158423,0.090014,2.446668,0.002269,-0.007400,-0.001290,-0.332743,0.051593,0.023000,-0.004036,0.186361,0.187828,0.000329,0.000000,0.001121,0.001121,0.000120,0.000579,0.000432,0.000309,0.000745
6.628543,-1.159648,0.091225,2.446668,0.002269,-0.007400,-0.000525,-0.329166,0.050442,0.023382,-0.004584,0.186886,0.188354,0.000317,0.000000,0.001183,0.001183,0.000117,0.000577,0.000432,0.000308,0.000746
6.628497,-1.160878,0.092518,2.446668,0.002269,-0.007400,0.000214,-0.325604,0.049201,0.023700,-0.005116,0.187471,0.188939,0.000307,0.000000,0.001246,0.001246,0.000115,0.000576,0.000433,0.000307,0.000748
6.628452,-1.162097,0.093802,2.446668,0.002269,-0.007400,0.000858,-0.322253,0.048035,0.023621,-0.005514,0.188109,0.189577,0.000299,0.000000,0.001307,0.001307,0.000113,0.000585,0.000433,0.000463,0.000747
